\BOOKMARK [0][-]{titlepage.0}{封面}{}% 1
\BOOKMARK [0][-]{chapter*.1}{摘  要}{}% 2
\BOOKMARK [0][-]{chapter*.2}{Abstract}{}% 3
\BOOKMARK [0][-]{chapter*.3}{目  录}{}% 4
\BOOKMARK [0][-]{chapter*.4}{表  格}{}% 5
\BOOKMARK [0][-]{chapter*.5}{插  图}{}% 6
\BOOKMARK [0][-]{chapter.1}{第一章  引言}{}% 7
\BOOKMARK [1][-]{section.1.1}{§1.1 问题定义}{chapter.1}% 8
\BOOKMARK [1][-]{section.1.2}{§1.2 距离几何问题的应用}{chapter.1}% 9
\BOOKMARK [2][-]{subsection.1.2.1}{§1.2.1 画图}{section.1.2}% 10
\BOOKMARK [2][-]{subsection.1.2.2}{§1.2.2 蛋白质折叠}{section.1.2}% 11
\BOOKMARK [2][-]{subsection.1.2.3}{§1.2.3 传感器网络定位}{section.1.2}% 12
\BOOKMARK [2][-]{subsection.1.2.4}{§1.2.4 其他应用}{section.1.2}% 13
\BOOKMARK [2][-]{subsection.1.2.5}{§1.2.5 一些注记}{section.1.2}% 14
\BOOKMARK [1][-]{section.1.3}{§1.3 本文主要内容}{chapter.1}% 15
\BOOKMARK [0][-]{chapter.2}{第二章  模型研究}{}% 16
\BOOKMARK [1][-]{section.2.1}{§2.1 引言}{chapter.2}% 17
\BOOKMARK [1][-]{section.2.2}{§2.2 已有误差函数综述及分析}{chapter.2}% 18
\BOOKMARK [2][-]{subsection.2.2.1}{§2.2.1 函数介绍}{section.2.2}% 19
\BOOKMARK [2][-]{subsection.2.2.2}{§2.2.2 性质分析}{section.2.2}% 20
\BOOKMARK [2][-]{subsection.2.2.3}{§2.2.3 正则项}{section.2.2}% 21
\BOOKMARK [1][-]{section.2.3}{§2.3 几个新的误差函数}{chapter.2}% 22
\BOOKMARK [1][-]{section.2.4}{§2.4 一个简单的数值实验}{chapter.2}% 23
\BOOKMARK [0][-]{chapter.3}{第三章  已有算法综述}{}% 24
\BOOKMARK [1][-]{section.3.1}{§3.1 矩阵分解算法 \(Matrix Decompostion Method\)}{chapter.3}% 25
\BOOKMARK [1][-]{section.3.2}{§3.2 全局光滑算法 \(Global Continuation Algorithm\)}{chapter.3}% 26
\BOOKMARK [1][-]{section.3.3}{§3.3 基于半定规划的算法 \(SDP based algorithms\)}{chapter.3}% 27
\BOOKMARK [1][-]{section.3.4}{§3.4 几何构建算法 \(Geometric Buildup Method\)}{chapter.3}% 28
\BOOKMARK [2][-]{subsection.3.4.1}{§3.4.1 确定最初的四个点}{section.3.4}% 29
\BOOKMARK [2][-]{subsection.3.4.2}{§3.4.2 构建 \(Buildup\) 步: 确定一个未知点}{section.3.4}% 30
\BOOKMARK [2][-]{subsection.3.4.3}{§3.4.3 线性最小二乘}{section.3.4}% 31
\BOOKMARK [2][-]{subsection.3.4.4}{§3.4.4 非线性最小二乘}{section.3.4}% 32
\BOOKMARK [1][-]{section.3.5}{§3.5 一些其他算法: EMBED, DISGEO 等}{chapter.3}% 33
\BOOKMARK [0][-]{chapter.4}{第四章  新的基于几何构建的算法 \(GBEM-LLS 和 GBEM-NLS\) 及数值实验}{}% 34
\BOOKMARK [1][-]{section.4.1}{§4.1 为何数值误差很重要 ?}{chapter.4}% 35
\BOOKMARK [1][-]{section.4.2}{§4.2 已有几何构建算法的误差累积分析}{chapter.4}% 36
\BOOKMARK [1][-]{section.4.3}{§4.3 计算顺序: 选择新加入点的策略}{chapter.4}% 37
\BOOKMARK [2][-]{subsection.4.3.1}{§4.3.1 引言}{section.4.3}% 38
\BOOKMARK [2][-]{subsection.4.3.2}{§4.3.2 新规则的定义和讨论}{section.4.3}% 39
\BOOKMARK [2][-]{subsection.4.3.3}{§4.3.3 一个构造的简单例子}{section.4.3}% 40
\BOOKMARK [1][-]{section.4.4}{§4.4 误差函数极小}{chapter.4}% 41
\BOOKMARK [2][-]{subsection.4.4.1}{§4.4.1 子问题}{section.4.4}% 42
\BOOKMARK [2][-]{subsection.4.4.2}{§4.4.2 求解算法}{section.4.4}% 43
\BOOKMARK [1][-]{section.4.5}{§4.5 算法总框架}{chapter.4}% 44
\BOOKMARK [1][-]{section.4.6}{§4.6 数值实验}{chapter.4}% 45
\BOOKMARK [2][-]{subsection.4.6.1}{§4.6.1 问题设定}{section.4.6}% 46
\BOOKMARK [2][-]{subsection.4.6.2}{§4.6.2 实验结果比较标准: RMSD }{section.4.6}% 47
\BOOKMARK [2][-]{subsection.4.6.3}{§4.6.3 计算顺序的影响}{section.4.6}% 48
\BOOKMARK [2][-]{subsection.4.6.4}{§4.6.4 主要数值结果}{section.4.6}% 49
\BOOKMARK [2][-]{subsection.4.6.5}{§4.6.5 数值分析}{section.4.6}% 50
\BOOKMARK [1][-]{section.4.7}{§4.7 总结}{chapter.4}% 51
\BOOKMARK [1][-]{section.4.8}{§4.8 附录: 一个舍入误差累积的例子}{chapter.4}% 52
\BOOKMARK [1][-]{section.4.9}{§4.9 附录:程序实现}{chapter.4}% 53
\BOOKMARK [0][-]{chapter.5}{第五章  基于拉普拉斯矩阵的谱映射方法}{}% 54
\BOOKMARK [1][-]{section.5.1}{§5.1 拉普拉斯矩阵}{chapter.5}% 55
\BOOKMARK [1][-]{section.5.2}{§5.2 降维问题}{chapter.5}% 56
\BOOKMARK [0][-]{chapter.6}{第六章  基于拉普拉斯矩阵的分布式算法框架}{}% 57
\BOOKMARK [0][-]{chapter*.6}{参考文献}{}% 58
\BOOKMARK [0][-]{chapter*.8}{完成文章目录}{}% 59
\BOOKMARK [0][-]{chapter*.9}{简  历}{}% 60
\BOOKMARK [0][-]{chapter*.10}{致  谢}{}% 61
