This is pdfTeX, Version 3.1415926-2.3-1.40.12 (MiKTeX 2.9) (preloaded format=pdflatex 2012.8.16)  2 DEC 2012 22:58
entering extended mode
**E:/Meeting/201212-COA-autumn/Title.tex
(E:/Meeting/201212-COA-autumn/Title.tex
LaTeX2e <2011/06/27>
Babel <v3.8m> and hyphenation patterns for loaded.

! LaTeX Error: Missing \begin{document}.

See the LaTeX manual or LaTeX Companion for explanation.
Type  H <return>  for immediate help.
 ...                                              
                                                  
l.1 \title[D
            istance Geometry]{\textsc{A Novel Alternative Newton Method for ...

? 
! Emergency stop.
 ...                                              
                                                  
l.1 \title[D
            istance Geometry]{\textsc{A Novel Alternative Newton Method for ...

You're in trouble here.  Try typing  <return>  to proceed.
If that doesn't work, type  X <return>  to quit.

 
Here is how much of TeX's memory you used:
 7 strings out of 495354
 292 string characters out of 3182739
 44842 words of memory out of 3000000
 3276 multiletter control sequences out of 15000+200000
 3640 words of font info for 14 fonts, out of 3000000 for 9000
 14 hyphenation exceptions out of 8191
 5i,0n,4p,141b,14s stack positions out of 5000i,500n,10000p,200000b,50000s
!  ==> Fatal error occurred, no output PDF file produced!
