This is pdfTeX, Version 3.1415926-2.3-1.40.12 (MiKTeX 2.9) (preloaded format=pdflatex 2012.8.16)  30 OCT 2013 10:01
entering extended mode
**E:/Meeting/201310-ICNONLA13-ChangChun/会务/ICNONLA-Conf-Manual/ConfManual.t
ex

(E:/Meeting/201310-ICNONLA13-ChangChun/会务/ICNONLA-Conf-Manual/ConfManual.te
x
LaTeX2e <2011/06/27>
Babel <v3.8m> and hyphenation patterns for loaded.
("D:\Program Files (x86)\CTEX\CTeX\tex\latex\cct\cctbook.cls"
Document Class: cctbook 2005/04/12 Derived from the `book' class
("D:\Program Files (x86)\CTEX\MiKTeX\tex\latex\base\book.cls"
Document Class: book 2007/10/19 v1.4h Standard LaTeX document class
("D:\Program Files (x86)\CTEX\MiKTeX\tex\latex\base\bk10.clo"
File: bk10.clo 2007/10/19 v1.4h Standard LaTeX file (size option)
)
\c@part=\count79
\c@chapter=\count80
\c@section=\count81
\c@subsection=\count82
\c@subsubsection=\count83
\c@paragraph=\count84
\c@subparagraph=\count85
\c@figure=\count86
\c@table=\count87
\abovecaptionskip=\skip41
\belowcaptionskip=\skip42
\bibindent=\dimen102
)
("D:\Program Files (x86)\CTEX\CTeX\tex\latex\cct\cctbase.sty"
Package: cctbase 2006/05/17

("D:\Program Files (x86)\CTEX\CTeX\tex\latex\cct\CCT.sty" 0.61803 [2009/11/20]
("D:\Program Files (x86)\CTEX\CTeX\tex\latex\cct\cchead.sty"
\!ZihaoNo=\count88
\ccwd=\dimen103
\ccht=\dimen104
\ccdp=\dimen105
\!ccbox=\box26
\!ccbdskip=\skip43
)
Package: CCT 2009/11/20 0.61803
\@CCTcnta=\count89
\@CCTcntb=\count90
\@CCTlastkern=\count91
\@CCTglue=\skip44
\@CCTtoks=\toks14

("D:\Program Files (x86)\CTEX\CTeX\tex\latex\cct\CCT.cfg")
("D:\Program Files (x86)\CTEX\CTeX\tex\latex\cct\GBKkern.cfg")
("D:\Program Files (x86)\CTEX\CTeX\tex\latex\CJK\GB\c19song.fd")
(\ziti{A}->gbksong)
\@CCTskip=\skip45
)))
("D:\Program Files (x86)\CTEX\UserData\tex\latex\tocloft\tocloft.sty"
Package: tocloft 2013/05/02 v2.3f parameterised ToC, etc., typesetting
Package tocloft Info: The document has chapter divisions on input line 44.
\cftparskip=\skip46
\cftbeforetoctitleskip=\skip47
\cftaftertoctitleskip=\skip48
\cftbeforepartskip=\skip49
\cftpartnumwidth=\skip50
\cftpartindent=\skip51
\cftbeforechapskip=\skip52
\cftchapindent=\skip53
\cftchapnumwidth=\skip54
\cftbeforesecskip=\skip55
\cftsecindent=\skip56
\cftsecnumwidth=\skip57
\cftbeforesubsecskip=\skip58
\cftsubsecindent=\skip59
\cftsubsecnumwidth=\skip60
\cftbeforesubsubsecskip=\skip61
\cftsubsubsecindent=\skip62
\cftsubsubsecnumwidth=\skip63
\cftbeforeparaskip=\skip64
\cftparaindent=\skip65
\cftparanumwidth=\skip66
\cftbeforesubparaskip=\skip67
\cftsubparaindent=\skip68
\cftsubparanumwidth=\skip69
\cftbeforeloftitleskip=\skip70
\cftafterloftitleskip=\skip71
\cftbeforefigskip=\skip72
\cftfigindent=\skip73
\cftfignumwidth=\skip74
\c@lofdepth=\count92
\c@lotdepth=\count93
\cftbeforelottitleskip=\skip75
\cftafterlottitleskip=\skip76
\cftbeforetabskip=\skip77
\cfttabindent=\skip78
\cfttabnumwidth=\skip79
)
("D:\Program Files (x86)\CTEX\MiKTeX\tex\latex\graphics\graphicx.sty"
Package: graphicx 1999/02/16 v1.0f Enhanced LaTeX Graphics (DPC,SPQR)

("D:\Program Files (x86)\CTEX\MiKTeX\tex\latex\graphics\keyval.sty"
Package: keyval 1999/03/16 v1.13 key=value parser (DPC)
\KV@toks@=\toks15
)
("D:\Program Files (x86)\CTEX\MiKTeX\tex\latex\graphics\graphics.sty"
Package: graphics 2009/02/05 v1.0o Standard LaTeX Graphics (DPC,SPQR)

("D:\Program Files (x86)\CTEX\MiKTeX\tex\latex\graphics\trig.sty"
Package: trig 1999/03/16 v1.09 sin cos tan (DPC)
)
("D:\Program Files (x86)\CTEX\MiKTeX\tex\latex\00miktex\graphics.cfg"
File: graphics.cfg 2007/01/18 v1.5 graphics configuration of teTeX/TeXLive
)
Package graphics Info: Driver file: pdftex.def on input line 91.

("D:\Program Files (x86)\CTEX\MiKTeX\tex\latex\pdftex-def\pdftex.def"
File: pdftex.def 2011/05/27 v0.06d Graphics/color for pdfTeX

("D:\Program Files (x86)\CTEX\MiKTeX\tex\generic\oberdiek\infwarerr.sty"
Package: infwarerr 2010/04/08 v1.3 Providing info/warning/message (HO)
)
("D:\Program Files (x86)\CTEX\MiKTeX\tex\generic\oberdiek\ltxcmds.sty"
Package: ltxcmds 2011/04/18 v1.20 LaTeX kernel commands for general use (HO)
)
\Gread@gobject=\count94
))
\Gin@req@height=\dimen106
\Gin@req@width=\dimen107
)
("D:\Program Files (x86)\CTEX\MiKTeX\tex\latex\ltxmisc\url.sty"
\Urlmuskip=\muskip10
Package: url 2006/04/12  ver 3.3  Verb mode for urls, etc.
)
("D:\Program Files (x86)\CTEX\MiKTeX\tex\latex\ams\math\amsmath.sty"
Package: amsmath 2000/07/18 v2.13 AMS math features
\@mathmargin=\skip80

For additional information on amsmath, use the `?' option.
("D:\Program Files (x86)\CTEX\MiKTeX\tex\latex\ams\math\amstext.sty"
Package: amstext 2000/06/29 v2.01

("D:\Program Files (x86)\CTEX\MiKTeX\tex\latex\ams\math\amsgen.sty"
File: amsgen.sty 1999/11/30 v2.0
\@emptytoks=\toks16
\ex@=\dimen108
))
("D:\Program Files (x86)\CTEX\MiKTeX\tex\latex\ams\math\amsbsy.sty"
Package: amsbsy 1999/11/29 v1.2d
\pmbraise@=\dimen109
)
("D:\Program Files (x86)\CTEX\MiKTeX\tex\latex\ams\math\amsopn.sty"
Package: amsopn 1999/12/14 v2.01 operator names
)
\inf@bad=\count95
LaTeX Info: Redefining \frac on input line 211.
\uproot@=\count96
\leftroot@=\count97
LaTeX Info: Redefining \overline on input line 307.
\classnum@=\count98
\DOTSCASE@=\count99
LaTeX Info: Redefining \ldots on input line 379.
LaTeX Info: Redefining \dots on input line 382.
LaTeX Info: Redefining \cdots on input line 467.
\Mathstrutbox@=\box27
\strutbox@=\box28
\big@size=\dimen110
LaTeX Font Info:    Redeclaring font encoding OML on input line 567.
LaTeX Font Info:    Redeclaring font encoding OMS on input line 568.
\macc@depth=\count100
\c@MaxMatrixCols=\count101
\dotsspace@=\muskip11
\c@parentequation=\count102
\dspbrk@lvl=\count103
\tag@help=\toks17
\row@=\count104
\column@=\count105
\maxfields@=\count106
\andhelp@=\toks18
\eqnshift@=\dimen111
\alignsep@=\dimen112
\tagshift@=\dimen113
\tagwidth@=\dimen114
\totwidth@=\dimen115
\lineht@=\dimen116
\@envbody=\toks19
\multlinegap=\skip81
\multlinetaggap=\skip82
\mathdisplay@stack=\toks20
LaTeX Info: Redefining \[ on input line 2666.
LaTeX Info: Redefining \] on input line 2667.
)
("D:\Program Files (x86)\CTEX\MiKTeX\tex\latex\amsfonts\amssymb.sty"
Package: amssymb 2009/06/22 v3.00

("D:\Program Files (x86)\CTEX\MiKTeX\tex\latex\amsfonts\amsfonts.sty"
Package: amsfonts 2009/06/22 v3.00 Basic AMSFonts support
\symAMSa=\mathgroup4
\symAMSb=\mathgroup5
LaTeX Font Info:    Overwriting math alphabet `\mathfrak' in version `bold'
(Font)                  U/euf/m/n --> U/euf/b/n on input line 96.
))
("D:\Program Files (x86)\CTEX\MiKTeX\tex\latex\hyperref\hyperref.sty"
Package: hyperref 2012/02/06 v6.82o Hypertext links for LaTeX

("D:\Program Files (x86)\CTEX\MiKTeX\tex\generic\oberdiek\hobsub-hyperref.sty"
Package: hobsub-hyperref 2011/04/23 v1.4 Bundle oberdiek, subset hyperref (HO)

("D:\Program Files (x86)\CTEX\MiKTeX\tex\generic\oberdiek\hobsub-generic.sty"
Package: hobsub-generic 2011/04/23 v1.4 Bundle oberdiek, subset generic (HO)
Package: hobsub 2011/04/23 v1.4 Subsetting bundle oberdiek (HO)
Package hobsub Info: Skipping package `infwarerr' (already loaded).
Package hobsub Info: Skipping package `ltxcmds' (already loaded).
Package: ifluatex 2010/03/01 v1.3 Provides the ifluatex switch (HO)
Package ifluatex Info: LuaTeX not detected.
Package: ifvtex 2010/03/01 v1.5 Switches for detecting VTeX and its modes (HO)
Package ifvtex Info: VTeX not detected.
Package: intcalc 2007/09/27 v1.1 Expandable integer calculations (HO)
Package: ifpdf 2011/01/30 v2.3 Provides the ifpdf switch (HO)
Package ifpdf Info: pdfTeX in PDF mode is detected.
Package: etexcmds 2011/02/16 v1.5 Prefix for e-TeX command names (HO)
Package etexcmds Info: Could not find \expanded.
(etexcmds)             That can mean that you are not using pdfTeX 1.50 or
(etexcmds)             that some package has redefined \expanded.
(etexcmds)             In the latter case, load this package earlier.
Package: kvsetkeys 2011/04/07 v1.13 Key value parser (HO)
Package: kvdefinekeys 2011/04/07 v1.3 Defining keys (HO)
Package: pdftexcmds 2011/04/22 v0.16 Utilities of pdfTeX for LuaTeX (HO)
Package pdftexcmds Info: LuaTeX not detected.
Package pdftexcmds Info: \pdf@primitive is available.
Package pdftexcmds Info: \pdf@ifprimitive is available.
Package pdftexcmds Info: \pdfdraftmode found.
Package: pdfescape 2011/04/04 v1.12 Provides string conversions (HO)
Package: bigintcalc 2011/01/30 v1.2 Expandable big integer calculations (HO)
Package: bitset 2011/01/30 v1.1 Data type bit set (HO)
Package: uniquecounter 2011/01/30 v1.2 Provides unlimited unique counter (HO)
)
Package hobsub Info: Skipping package `hobsub' (already loaded).
Package: letltxmacro 2010/09/02 v1.4 Let assignment for LaTeX macros (HO)
Package: hopatch 2011/01/30 v1.0 Wrapper for package hooks (HO)
Package: xcolor-patch 2011/01/30 xcolor patch
Package: atveryend 2011/04/23 v1.7 Hooks at very end of document (HO)
Package: atbegshi 2011/01/30 v1.15 At begin shipout hook (HO)
Package: refcount 2010/12/01 v3.2 Data extraction from references (HO)
Package: hycolor 2011/01/30 v1.7 Color options of hyperref/bookmark (HO)
) ("D:\Program Files (x86)\CTEX\MiKTeX\tex\generic\ifxetex\ifxetex.sty"
Package: ifxetex 2010/09/12 v0.6 Provides ifxetex conditional
)
("D:\Program Files (x86)\CTEX\MiKTeX\tex\latex\oberdiek\kvoptions.sty"
Package: kvoptions 2010/12/23 v3.10 Keyval support for LaTeX options (HO)
)
\@linkdim=\dimen117
\Hy@linkcounter=\count107
\Hy@pagecounter=\count108

("D:\Program Files (x86)\CTEX\MiKTeX\tex\latex\hyperref\pd1enc.def"
File: pd1enc.def 2012/02/06 v6.82o Hyperref: PDFDocEncoding definition (HO)
)
\Hy@SavedSpaceFactor=\count109

("D:\Program Files (x86)\CTEX\MiKTeX\tex\latex\00miktex\hyperref.cfg"
File: hyperref.cfg 2002/06/06 v1.2 hyperref configuration of TeXLive
)
Package hyperref Info: Option `colorlinks' set `true' on input line 3925.
Package hyperref Info: Hyper figures OFF on input line 4046.
Package hyperref Info: Link nesting OFF on input line 4051.
Package hyperref Info: Hyper index ON on input line 4054.
Package hyperref Info: Plain pages OFF on input line 4061.
Package hyperref Info: Backreferencing OFF on input line 4066.
Package hyperref Info: Implicit mode ON; LaTeX internals redefined.
Package hyperref Info: Bookmarks ON on input line 4284.
\c@Hy@tempcnt=\count110
LaTeX Info: Redefining \url on input line 4637.
\Fld@menulength=\count111
\Field@Width=\dimen118
\Fld@charsize=\dimen119
Package hyperref Info: Hyper figures OFF on input line 5757.
Package hyperref Info: Link nesting OFF on input line 5762.
Package hyperref Info: Hyper index ON on input line 5765.
Package hyperref Info: backreferencing OFF on input line 5772.
Package hyperref Info: Link coloring ON on input line 5775.
Package hyperref Info: Link coloring with OCG OFF on input line 5782.
Package hyperref Info: PDF/A mode OFF on input line 5787.
LaTeX Info: Redefining \ref on input line 5827.
LaTeX Info: Redefining \pageref on input line 5831.
\Hy@abspage=\count112
\c@Item=\count113
\c@Hfootnote=\count114
)

Package hyperref Message: Driver (autodetected): hpdftex.

("D:\Program Files (x86)\CTEX\MiKTeX\tex\latex\hyperref\hpdftex.def"
File: hpdftex.def 2012/02/06 v6.82o Hyperref driver for pdfTeX
\Fld@listcount=\count115
\c@bookmark@seq@number=\count116

("D:\Program Files (x86)\CTEX\MiKTeX\tex\latex\oberdiek\rerunfilecheck.sty"
Package: rerunfilecheck 2011/04/15 v1.7 Rerun checks for auxiliary files (HO)
Package uniquecounter Info: New unique counter `rerunfilecheck' on input line 2
82.
)
\Hy@SectionHShift=\skip83
)
("D:\Program Files (x86)\CTEX\UserData\tex\latex\footmisc\footmisc.sty"
Package: footmisc 2011/06/06 v5.5b a miscellany of footnote facilities
\FN@temptoken=\toks21
\footnotemargin=\dimen120
\c@pp@next@reset=\count117
\c@@fnserial=\count118
Package footmisc Info: Declaring symbol style bringhurst on input line 855.
Package footmisc Info: Declaring symbol style chicago on input line 863.
Package footmisc Info: Declaring symbol style wiley on input line 872.
Package footmisc Info: Declaring symbol style lamport-robust on input line 883.

Package footmisc Info: Declaring symbol style lamport* on input line 903.
Package footmisc Info: Declaring symbol style lamport*-robust on input line 924
.
)
("D:\Program Files (x86)\CTEX\UserData\tex\latex\eqlist\eqlist.sty"
eqlist.sty by M. Vaeth: Revision 2.1
Package: eqlist 2002/08/15 v2.1
("D:\Program Files (x86)\CTEX\UserData\tex\latex\eqparbox\eqparbox.sty"
Package: eqparbox 2013/03/15 v4.0 Create equal-widthed boxes
\eqp@tempdima=\skip84
\eqp@tempdimb=\skip85

("D:\Program Files (x86)\CTEX\MiKTeX\tex\latex\tools\array.sty"
Package: array 2008/09/09 v2.4c Tabular extension package (FMi)
\col@sep=\dimen121
\extrarowheight=\dimen122
\NC@list=\toks22
\extratabsurround=\skip86
\backup@length=\skip87
)
\eqp@tabular@box=\box29
\eqp@list@box=\box30
\eqp@list@indent=\skip88

("D:\Program Files (x86)\CTEX\UserData\tex\latex\environ\environ.sty"
Package: environ 2013/04/01 v0.3 A new environment syntax

("D:\Program Files (x86)\CTEX\UserData\tex\latex\trimspaces\trimspaces.sty"
Package: trimspaces 2009/09/17 v1.1 Trim spaces around a token list
)))
\eql@cnt=\count119
)
(E:\Meeting\201310-ICNONLA13-ChangChun\会务\ICNONLA-Conf-Manual\ConfManual.au
x)
LaTeX Font Info:    Checking defaults for OML/cmm/m/it on input line 95.
LaTeX Font Info:    ... okay on input line 95.
LaTeX Font Info:    Checking defaults for T1/cmr/m/n on input line 95.
LaTeX Font Info:    ... okay on input line 95.
LaTeX Font Info:    Checking defaults for OT1/cmr/m/n on input line 95.
LaTeX Font Info:    ... okay on input line 95.
LaTeX Font Info:    Checking defaults for OMS/cmsy/m/n on input line 95.
LaTeX Font Info:    ... okay on input line 95.
LaTeX Font Info:    Checking defaults for OMX/cmex/m/n on input line 95.
LaTeX Font Info:    ... okay on input line 95.
LaTeX Font Info:    Checking defaults for U/cmr/m/n on input line 95.
LaTeX Font Info:    ... okay on input line 95.
LaTeX Font Info:    Checking defaults for PD1/pdf/m/n on input line 95.
LaTeX Font Info:    ... okay on input line 95.
 ("D:\Program Files (x86)\CTEX\MiKTeX\tex\context\base\supp-pdf.mkii"
[Loading MPS to PDF converter (version 2006.09.02).]
\scratchcounter=\count120
\scratchdimen=\dimen123
\scratchbox=\box31
\nofMPsegments=\count121
\nofMParguments=\count122
\everyMPshowfont=\toks23
\MPscratchCnt=\count123
\MPscratchDim=\dimen124
\MPnumerator=\count124
\makeMPintoPDFobject=\count125
\everyMPtoPDFconversion=\toks24
)
\AtBeginShipoutBox=\box32
 ("D:\Program Files (x86)\CTEX\MiKTeX\tex\latex\graphics\color.sty"
Package: color 2005/11/14 v1.0j Standard LaTeX Color (DPC)

("D:\Program Files (x86)\CTEX\MiKTeX\tex\latex\00miktex\color.cfg"
File: color.cfg 2007/01/18 v1.5 color configuration of teTeX/TeXLive
)
Package color Info: Driver file: pdftex.def on input line 130.
)
Package hyperref Info: Link coloring ON on input line 95.

("D:\Program Files (x86)\CTEX\MiKTeX\tex\latex\hyperref\nameref.sty"
Package: nameref 2010/04/30 v2.40 Cross-referencing by name of section

("D:\Program Files (x86)\CTEX\MiKTeX\tex\generic\oberdiek\gettitlestring.sty"
Package: gettitlestring 2010/12/03 v1.4 Cleanup title references (HO)
)
\c@section@level=\count126
)
LaTeX Info: Redefining \ref on input line 95.
LaTeX Info: Redefining \pageref on input line 95.
LaTeX Info: Redefining \nameref on input line 95.

(E:\Meeting\201310-ICNONLA13-ChangChun\会务\ICNONLA-Conf-Manual\ConfManual.ou
t)
(E:\Meeting\201310-ICNONLA13-ChangChun\会务\ICNONLA-Conf-Manual\ConfManual.ou
t)
\@outlinefile=\write3
 ("D:\Program Files (x86)\CTEX\CTeX\tex\latex\CJK\GB\c19hei.fd")
(\ziti{B}->gbkhei) ("D:\Program Files (x86)\CTEX\CTeX\tex\latex\CJK\GB\c19kai.f
d") (\ziti{C}->gbkkai) <GreatWall.jpg, id=187, 1284.8pt x 803.0pt>
File: GreatWall.jpg Graphic file (type jpg)

<use GreatWall.jpg>
Package pdftex.def Info: GreatWall.jpg used on input line 109.
(pdftex.def)             Requested size: 412.56496pt x 257.84744pt.
 [1


{D:/Program Files (x86)/CTEX/UserData/pdftex/config/pdftex.map{Unicode.sfd}{UGB
K.sfd}} <E:/Meeting/201310-ICNONLA13-ChangChun/会务/ICNONLA-Conf-Manual/Great
Wall.jpg>]
LaTeX Font Info:    Try loading font information for U+msa on input line 128.

("D:\Program Files (x86)\CTEX\MiKTeX\tex\latex\amsfonts\umsa.fd"
File: umsa.fd 2009/06/22 v3.00 AMS symbols A
)
LaTeX Font Info:    Try loading font information for U+msb on input line 128.

("D:\Program Files (x86)\CTEX\MiKTeX\tex\latex\amsfonts\umsb.fd"
File: umsb.fd 2009/06/22 v3.00 AMS symbols B
) [2]pdfTeX warning (ext4): destination with the same identifier (name{page.i})
 has been already used, duplicate ignored
<to be read again> 
                   \relax 
l.215 \begin{center}
                     [1] <localmap.jpg, id=224, 950.55125pt x 1094.0875pt>
File: localmap.jpg Graphic file (type jpg)

<use localmap.jpg>
Package pdftex.def Info: localmap.jpg used on input line 243.
(pdftex.def)             Requested size: 412.56496pt x 474.85577pt.
pdfTeX warning (ext4): destination with the same identifier (name{page.ii}) has
 been already used, duplicate ignored
<to be read again> 
                   \relax 
l.248 \newpage
               [2] [3 <E:/Meeting/201310-ICNONLA13-ChangChun/会务/ICNONLA-Con
f-Manual/localmap.jpg>] [4] [5]
Overfull \hbox (14.87978pt too wide) in paragraph at lines 402--403
\OT1/cmr/m/n/10 method for con-vex semi-definite pro-gram-ming prob-lem-s with 
second-
 []

[6]
Overfull \hbox (5.3087pt too wide) in paragraph at lines 417--418
[]\OT1/cmr/bx/n/10 Shinji Mizuno\OT1/cmr/m/n/10 , Klee-Minty's LP and Up-per Bo
und-s for Dantzig's
 []


Overfull \hbox (7.49976pt too wide) in paragraph at lines 433--434
[]\OT1/cmr/bx/n/10 Yanfang Zhang, Moreau-Yosida reg-u-lar-iza-tion for s-tochas
-
 []


Overfull \hbox (0.10147pt too wide) in paragraph at lines 452--453
[]\OT1/cmr/bx/n/10 Zaikun Zhang\OT1/cmr/m/n/10 , Sobolev Semi-nor-m of Quadrat-
ic Func-tion-s with
 []

[7]
Overfull \hbox (7.7638pt too wide) in paragraph at lines 512--513
[]\OT1/cmr/bx/n/10 Shunsuke Hayashi\OT1/cmr/m/n/10 , Semi-infinite pro-gram wit
h in-finite-ly many
 []


Overfull \hbox (0.20564pt too wide) in paragraph at lines 515--516
[]\OT1/cmr/bx/n/10 Ryan Lox-ton\OT1/cmr/m/n/10 , Op-ti-mal Con-trol Prob-lem-s 
with Stop-ping Con-
 []

[8]
Overfull \hbox (10.3796pt too wide) in paragraph at lines 538--539
[]\OT1/cmr/bx/n/12 C5, Chair: Hi-roshi Ya-mashita (Lec-ture Hal-l, Si-Yuan Buil
d-
 []


Overfull \hbox (0.42374pt too wide) in paragraph at lines 558--559
[]\OT1/cmr/bx/n/10 Yasushi Narushi-ma\OT1/cmr/m/n/10 , A s-mooth-ing con-ju-gat
e gra-di-en-t method
 []

[9] [10] [11] [12]
(E:\Meeting\201310-ICNONLA13-ChangChun\会务\ICNONLA-Conf-Manual\ConfManual.to
c
Underfull \hbox (badness 10000) in paragraph at lines 2--2
 [][]  
 []


Underfull \hbox (badness 10000) in paragraph at lines 3--3
 [][]  
 []


Underfull \hbox (badness 10000) in paragraph at lines 4--4
 [][]  
 []


Underfull \hbox (badness 10000) in paragraph at lines 5--5
 [][]  
 []


Underfull \hbox (badness 10000) in paragraph at lines 6--6
 [][]  
 []


Underfull \hbox (badness 10000) in paragraph at lines 7--7
 [][]  
 []


Underfull \hbox (badness 10000) in paragraph at lines 8--8
 [][]  
 []


Underfull \hbox (badness 10000) in paragraph at lines 9--9
 [][]  
 []


Underfull \hbox (badness 10000) in paragraph at lines 10--10
 [][]  
 []


Underfull \hbox (badness 10000) in paragraph at lines 11--11
 [][]  
 []


Underfull \hbox (badness 10000) in paragraph at lines 12--12
 [][]  
 []

[13

]
Underfull \hbox (badness 10000) in paragraph at lines 13--13
 [][]  
 []


Underfull \hbox (badness 10000) in paragraph at lines 14--14
 [][]  
 []


Underfull \hbox (badness 10000) in paragraph at lines 15--15
 [][]  
 []


Underfull \hbox (badness 10000) in paragraph at lines 17--17
 [][]  
 []


Underfull \hbox (badness 10000) in paragraph at lines 18--18
 [][]  
 []


Underfull \hbox (badness 10000) in paragraph at lines 19--19
 [][]  
 []


Underfull \hbox (badness 10000) in paragraph at lines 20--20
 [][]  
 []


Underfull \hbox (badness 10000) in paragraph at lines 21--21
 [][]  
 []


Underfull \hbox (badness 10000) in paragraph at lines 22--22
 [][]  
 []


Underfull \hbox (badness 10000) in paragraph at lines 23--23
 [][]  
 []

[14]
Underfull \hbox (badness 10000) in paragraph at lines 24--24
 [][]  
 []


Underfull \hbox (badness 10000) in paragraph at lines 25--25
 [][]  
 []


Underfull \hbox (badness 10000) in paragraph at lines 26--26
 [][]  
 []


Underfull \hbox (badness 10000) in paragraph at lines 27--27
 [][]  
 []


Underfull \hbox (badness 10000) in paragraph at lines 28--28
 [][]  
 []


Underfull \hbox (badness 10000) in paragraph at lines 29--29
 [][]  
 []


Underfull \hbox (badness 10000) in paragraph at lines 30--30
 [][]  
 []


Underfull \hbox (badness 10000) in paragraph at lines 31--31
 [][]  
 []


Underfull \hbox (badness 10000) in paragraph at lines 32--32
 [][]  
 []


Underfull \hbox (badness 10000) in paragraph at lines 33--33
 [][]  
 []


Underfull \hbox (badness 10000) in paragraph at lines 34--34
 [][]  
 []


Underfull \hbox (badness 10000) in paragraph at lines 35--35
 [][]  
 []

[15]
Underfull \hbox (badness 10000) in paragraph at lines 36--36
 [][]  
 []


Underfull \hbox (badness 10000) in paragraph at lines 37--37
 [][]  
 []


Underfull \hbox (badness 10000) in paragraph at lines 38--38
 [][]  
 []


Underfull \hbox (badness 10000) in paragraph at lines 39--39
 [][]  
 []


Underfull \hbox (badness 10000) in paragraph at lines 40--40
 [][]  
 []


Underfull \hbox (badness 10000) in paragraph at lines 41--41
 [][]  
 []


Underfull \hbox (badness 10000) in paragraph at lines 42--42
 [][]  
 []


Underfull \hbox (badness 10000) in paragraph at lines 43--43
 [][]  
 []


Underfull \hbox (badness 10000) in paragraph at lines 44--44
 [][]  
 []


Underfull \hbox (badness 10000) in paragraph at lines 45--45
 [][]  
 []


Underfull \hbox (badness 10000) in paragraph at lines 46--46
 [][]  
 []

)
\tf@toc=\write4
 [16] [17] [18


] [1

] [2]

Package hyperref Warning: Difference (2) between bookmark levels is greater 
(hyperref)                than one, level fixed on input line 701.


Package hyperref Warning: The anchor of a bookmark and its parent's must not
(hyperref)                be the same. Added a new anchor on input line 701.


Package hyperref Warning: Token not allowed in a PDF string (PDFDocEncoding):
(hyperref)                removing `\\' on input line 701.

[3]

Package hyperref Warning: Token not allowed in a PDF string (PDFDocEncoding):
(hyperref)                removing `\\' on input line 749.

[4

]

Package hyperref Warning: Token not allowed in a PDF string (PDFDocEncoding):
(hyperref)                removing `\\' on input line 775.

[5

]

Package hyperref Warning: Token not allowed in a PDF string (PDFDocEncoding):
(hyperref)                removing `\\' on input line 796.

[6

]

Package hyperref Warning: Token not allowed in a PDF string (PDFDocEncoding):
(hyperref)                removing `\\' on input line 815.

[7

]

Package hyperref Warning: Token not allowed in a PDF string (PDFDocEncoding):
(hyperref)                removing `\\' on input line 842.

[8

]

Package hyperref Warning: Token not allowed in a PDF string (PDFDocEncoding):
(hyperref)                removing `\\' on input line 869.

[9

]

Package hyperref Warning: Token not allowed in a PDF string (PDFDocEncoding):
(hyperref)                removing `\\' on input line 898.

[10

]

Package hyperref Warning: Token not allowed in a PDF string (PDFDocEncoding):
(hyperref)                removing `\\' on input line 958.

[11

]

Package hyperref Warning: Token not allowed in a PDF string (PDFDocEncoding):
(hyperref)                removing `\\' on input line 990.

[12

]

Package hyperref Warning: Token not allowed in a PDF string (PDFDocEncoding):
(hyperref)                removing `\\' on input line 1020.

[13

]

Package hyperref Warning: Token not allowed in a PDF string (PDFDocEncoding):
(hyperref)                removing `\\' on input line 1054.

[14

]

Package hyperref Warning: Token not allowed in a PDF string (PDFDocEncoding):
(hyperref)                removing `\\' on input line 1079.

[15

]

Package hyperref Warning: Token not allowed in a PDF string (PDFDocEncoding):
(hyperref)                removing `\\' on input line 1102.

[16

] [17


] [18]

Package hyperref Warning: Difference (2) between bookmark levels is greater 
(hyperref)                than one, level fixed on input line 1162.


Package hyperref Warning: The anchor of a bookmark and its parent's must not
(hyperref)                be the same. Added a new anchor on input line 1162.


Package hyperref Warning: Token not allowed in a PDF string (PDFDocEncoding):
(hyperref)                removing `\\' on input line 1162.

[19]

Package hyperref Warning: Token not allowed in a PDF string (PDFDocEncoding):
(hyperref)                removing `\\' on input line 1222.


Package hyperref Warning: Token not allowed in a PDF string (PDFDocEncoding):
(hyperref)                removing `math shift' on input line 1222.


Package hyperref Warning: Token not allowed in a PDF string (PDFDocEncoding):
(hyperref)                removing `\@@underline' on input line 1222.


Package hyperref Warning: Token not allowed in a PDF string (PDFDocEncoding):
(hyperref)                removing `\hbox' on input line 1222.


Package hyperref Warning: Token not allowed in a PDF string (PDFDocEncoding):
(hyperref)                removing `\mathsurround' on input line 1222.


Package hyperref Warning: Token not allowed in a PDF string (PDFDocEncoding):
(hyperref)                removing `\z@' on input line 1222.


Package hyperref Warning: Token not allowed in a PDF string (PDFDocEncoding):
(hyperref)                removing `math shift' on input line 1222.

[20

]

Package hyperref Warning: Token not allowed in a PDF string (PDFDocEncoding):
(hyperref)                removing `\\' on input line 1260.


Package hyperref Warning: Token not allowed in a PDF string (PDFDocEncoding):
(hyperref)                removing `math shift' on input line 1260.


Package hyperref Warning: Token not allowed in a PDF string (PDFDocEncoding):
(hyperref)                removing `\@@underline' on input line 1260.


Package hyperref Warning: Token not allowed in a PDF string (PDFDocEncoding):
(hyperref)                removing `\hbox' on input line 1260.


Package hyperref Warning: Token not allowed in a PDF string (PDFDocEncoding):
(hyperref)                removing `\mathsurround' on input line 1260.


Package hyperref Warning: Token not allowed in a PDF string (PDFDocEncoding):
(hyperref)                removing `\z@' on input line 1260.


Package hyperref Warning: Token not allowed in a PDF string (PDFDocEncoding):
(hyperref)                removing `math shift' on input line 1260.

[21

]

Package hyperref Warning: Token not allowed in a PDF string (PDFDocEncoding):
(hyperref)                removing `\\' on input line 1288.

[22

]

Package hyperref Warning: Token not allowed in a PDF string (PDFDocEncoding):
(hyperref)                removing `\\' on input line 1346.

[23

]
LaTeX Font Info:    Try loading font information for OMS+cmtt on input line 135
8.
LaTeX Font Info:    No file OMScmtt.fd. on input line 1358.


LaTeX Font Warning: Font shape `OMS/cmtt/m/n' undefined
(Font)              using `OMS/cmsy/m/n' instead
(Font)              for symbol `textbraceleft' on input line 1358.


Package hyperref Warning: Token not allowed in a PDF string (PDFDocEncoding):
(hyperref)                removing `\\' on input line 1377.


Package hyperref Warning: Token not allowed in a PDF string (PDFDocEncoding):
(hyperref)                removing `math shift' on input line 1377.


Package hyperref Warning: Token not allowed in a PDF string (PDFDocEncoding):
(hyperref)                removing `\@@underline' on input line 1377.


Package hyperref Warning: Token not allowed in a PDF string (PDFDocEncoding):
(hyperref)                removing `\hbox' on input line 1377.


Package hyperref Warning: Token not allowed in a PDF string (PDFDocEncoding):
(hyperref)                removing `\mathsurround' on input line 1377.


Package hyperref Warning: Token not allowed in a PDF string (PDFDocEncoding):
(hyperref)                removing `\z@' on input line 1377.


Package hyperref Warning: Token not allowed in a PDF string (PDFDocEncoding):
(hyperref)                removing `math shift' on input line 1377.

[24

] [25

]

Package hyperref Warning: Token not allowed in a PDF string (PDFDocEncoding):
(hyperref)                removing `\\' on input line 1509.


Package hyperref Warning: Token not allowed in a PDF string (PDFDocEncoding):
(hyperref)                removing `math shift' on input line 1509.


Package hyperref Warning: Token not allowed in a PDF string (PDFDocEncoding):
(hyperref)                removing `\@@underline' on input line 1509.


Package hyperref Warning: Token not allowed in a PDF string (PDFDocEncoding):
(hyperref)                removing `\hbox' on input line 1509.


Package hyperref Warning: Token not allowed in a PDF string (PDFDocEncoding):
(hyperref)                removing `\mathsurround' on input line 1509.


Package hyperref Warning: Token not allowed in a PDF string (PDFDocEncoding):
(hyperref)                removing `\z@' on input line 1509.


Package hyperref Warning: Token not allowed in a PDF string (PDFDocEncoding):
(hyperref)                removing `math shift' on input line 1509.

[26]

Package hyperref Warning: Token not allowed in a PDF string (PDFDocEncoding):
(hyperref)                removing `math shift' on input line 1537.


Package hyperref Warning: Token not allowed in a PDF string (PDFDocEncoding):
(hyperref)                removing `math shift' on input line 1537.


Package hyperref Warning: Token not allowed in a PDF string (PDFDocEncoding):
(hyperref)                removing `\\' on input line 1537.

[27

]

Package hyperref Warning: Token not allowed in a PDF string (PDFDocEncoding):
(hyperref)                removing `\\' on input line 1562.

[28

] [29

pdfTeX warning (ext4): destination with the same identifier (name{equation.0.0.
2}) has been already used, duplicate ignored

\AtBegShi@Output ...ipout \box \AtBeginShipoutBox 
                                                  \fi \fi 
l.1631 
       ]

Package hyperref Warning: Token not allowed in a PDF string (PDFDocEncoding):
(hyperref)                removing `\\' on input line 1635.


Package hyperref Warning: Token not allowed in a PDF string (PDFDocEncoding):
(hyperref)                removing `math shift' on input line 1635.


Package hyperref Warning: Token not allowed in a PDF string (PDFDocEncoding):
(hyperref)                removing `\@@underline' on input line 1635.


Package hyperref Warning: Token not allowed in a PDF string (PDFDocEncoding):
(hyperref)                removing `\hbox' on input line 1635.


Package hyperref Warning: Token not allowed in a PDF string (PDFDocEncoding):
(hyperref)                removing `\mathsurround' on input line 1635.


Package hyperref Warning: Token not allowed in a PDF string (PDFDocEncoding):
(hyperref)                removing `\z@' on input line 1635.


Package hyperref Warning: Token not allowed in a PDF string (PDFDocEncoding):
(hyperref)                removing `math shift' on input line 1635.

[30]

Package hyperref Warning: Token not allowed in a PDF string (PDFDocEncoding):
(hyperref)                removing `\\' on input line 1665.

[31

]

Package hyperref Warning: Token not allowed in a PDF string (PDFDocEncoding):
(hyperref)                removing `math shift' on input line 1702.


Package hyperref Warning: Token not allowed in a PDF string (PDFDocEncoding):
(hyperref)                removing `subscript' on input line 1702.


Package hyperref Warning: Token not allowed in a PDF string (PDFDocEncoding):
(hyperref)                removing `math shift' on input line 1702.


Package hyperref Warning: Token not allowed in a PDF string (PDFDocEncoding):
(hyperref)                removing `\\' on input line 1702.


Package hyperref Warning: Token not allowed in a PDF string (PDFDocEncoding):
(hyperref)                removing `math shift' on input line 1702.


Package hyperref Warning: Token not allowed in a PDF string (PDFDocEncoding):
(hyperref)                removing `\@@underline' on input line 1702.


Package hyperref Warning: Token not allowed in a PDF string (PDFDocEncoding):
(hyperref)                removing `\hbox' on input line 1702.


Package hyperref Warning: Token not allowed in a PDF string (PDFDocEncoding):
(hyperref)                removing `\mathsurround' on input line 1702.


Package hyperref Warning: Token not allowed in a PDF string (PDFDocEncoding):
(hyperref)                removing `\z@' on input line 1702.


Package hyperref Warning: Token not allowed in a PDF string (PDFDocEncoding):
(hyperref)                removing `math shift' on input line 1702.

[32

]

Package hyperref Warning: Token not allowed in a PDF string (PDFDocEncoding):
(hyperref)                removing `\\' on input line 1729.

[33

]

Package hyperref Warning: Token not allowed in a PDF string (PDFDocEncoding):
(hyperref)                removing `\\' on input line 1757.

[34

]

Package hyperref Warning: Token not allowed in a PDF string (PDFDocEncoding):
(hyperref)                removing `\\' on input line 1787.

[35

]

Package hyperref Warning: Token not allowed in a PDF string (PDFDocEncoding):
(hyperref)                removing `\\' on input line 1811.

[36

]

Package hyperref Warning: Token not allowed in a PDF string (PDFDocEncoding):
(hyperref)                removing `\\' on input line 1847.

[37

]

Package hyperref Warning: Token not allowed in a PDF string (PDFDocEncoding):
(hyperref)                removing `\\' on input line 1875.


Package hyperref Warning: Token not allowed in a PDF string (PDFDocEncoding):
(hyperref)                removing `math shift' on input line 1875.


Package hyperref Warning: Token not allowed in a PDF string (PDFDocEncoding):
(hyperref)                removing `\@@underline' on input line 1875.


Package hyperref Warning: Token not allowed in a PDF string (PDFDocEncoding):
(hyperref)                removing `\hbox' on input line 1875.


Package hyperref Warning: Token not allowed in a PDF string (PDFDocEncoding):
(hyperref)                removing `\mathsurround' on input line 1875.


Package hyperref Warning: Token not allowed in a PDF string (PDFDocEncoding):
(hyperref)                removing `\z@' on input line 1875.


Package hyperref Warning: Token not allowed in a PDF string (PDFDocEncoding):
(hyperref)                removing `math shift' on input line 1875.

[38

]

Package hyperref Warning: Token not allowed in a PDF string (PDFDocEncoding):
(hyperref)                removing `\\' on input line 1918.

[39

]

Package hyperref Warning: Token not allowed in a PDF string (PDFDocEncoding):
(hyperref)                removing `\\' on input line 1949.

[40

]

Package hyperref Warning: Token not allowed in a PDF string (PDFDocEncoding):
(hyperref)                removing `\\' on input line 1981.

[41

]

Package hyperref Warning: Token not allowed in a PDF string (PDFDocEncoding):
(hyperref)                removing `\\' on input line 2023.


Package hyperref Warning: Token not allowed in a PDF string (PDFDocEncoding):
(hyperref)                removing `math shift' on input line 2023.


Package hyperref Warning: Token not allowed in a PDF string (PDFDocEncoding):
(hyperref)                removing `\@@underline' on input line 2023.


Package hyperref Warning: Token not allowed in a PDF string (PDFDocEncoding):
(hyperref)                removing `\hbox' on input line 2023.


Package hyperref Warning: Token not allowed in a PDF string (PDFDocEncoding):
(hyperref)                removing `\mathsurround' on input line 2023.


Package hyperref Warning: Token not allowed in a PDF string (PDFDocEncoding):
(hyperref)                removing `\z@' on input line 2023.


Package hyperref Warning: Token not allowed in a PDF string (PDFDocEncoding):
(hyperref)                removing `math shift' on input line 2023.

[42

]

Package hyperref Warning: Token not allowed in a PDF string (PDFDocEncoding):
(hyperref)                removing `\\' on input line 2047.


Package hyperref Warning: Token not allowed in a PDF string (PDFDocEncoding):
(hyperref)                removing `math shift' on input line 2047.


Package hyperref Warning: Token not allowed in a PDF string (PDFDocEncoding):
(hyperref)                removing `\@@underline' on input line 2047.


Package hyperref Warning: Token not allowed in a PDF string (PDFDocEncoding):
(hyperref)                removing `\hbox' on input line 2047.


Package hyperref Warning: Token not allowed in a PDF string (PDFDocEncoding):
(hyperref)                removing `\mathsurround' on input line 2047.


Package hyperref Warning: Token not allowed in a PDF string (PDFDocEncoding):
(hyperref)                removing `\z@' on input line 2047.


Package hyperref Warning: Token not allowed in a PDF string (PDFDocEncoding):
(hyperref)                removing `math shift' on input line 2047.

[43

]

Package hyperref Warning: Token not allowed in a PDF string (PDFDocEncoding):
(hyperref)                removing `math shift' on input line 2086.


Package hyperref Warning: Token not allowed in a PDF string (PDFDocEncoding):
(hyperref)                removing `math shift' on input line 2086.


Package hyperref Warning: Token not allowed in a PDF string (PDFDocEncoding):
(hyperref)                removing `\\' on input line 2086.


Package hyperref Warning: Token not allowed in a PDF string (PDFDocEncoding):
(hyperref)                removing `math shift' on input line 2086.


Package hyperref Warning: Token not allowed in a PDF string (PDFDocEncoding):
(hyperref)                removing `\@@underline' on input line 2086.


Package hyperref Warning: Token not allowed in a PDF string (PDFDocEncoding):
(hyperref)                removing `\hbox' on input line 2086.


Package hyperref Warning: Token not allowed in a PDF string (PDFDocEncoding):
(hyperref)                removing `\mathsurround' on input line 2086.


Package hyperref Warning: Token not allowed in a PDF string (PDFDocEncoding):
(hyperref)                removing `\z@' on input line 2086.


Package hyperref Warning: Token not allowed in a PDF string (PDFDocEncoding):
(hyperref)                removing `math shift' on input line 2086.

[44

]

LaTeX Font Warning: Command \boldmath invalid in math mode on input line 2110.


LaTeX Font Warning: Command \mathversion invalid in math mode on input line 211
0.


Package hyperref Warning: Token not allowed in a PDF string (PDFDocEncoding):
(hyperref)                removing `\\' on input line 2148.


Package hyperref Warning: Token not allowed in a PDF string (PDFDocEncoding):
(hyperref)                removing `math shift' on input line 2148.


Package hyperref Warning: Token not allowed in a PDF string (PDFDocEncoding):
(hyperref)                removing `\@@underline' on input line 2148.


Package hyperref Warning: Token not allowed in a PDF string (PDFDocEncoding):
(hyperref)                removing `\hbox' on input line 2148.


Package hyperref Warning: Token not allowed in a PDF string (PDFDocEncoding):
(hyperref)                removing `\mathsurround' on input line 2148.


Package hyperref Warning: Token not allowed in a PDF string (PDFDocEncoding):
(hyperref)                removing `\z@' on input line 2148.


Package hyperref Warning: Token not allowed in a PDF string (PDFDocEncoding):
(hyperref)                removing `math shift' on input line 2148.

[45

]

Package hyperref Warning: Token not allowed in a PDF string (PDFDocEncoding):
(hyperref)                removing `\\' on input line 2176.


Package hyperref Warning: Token not allowed in a PDF string (PDFDocEncoding):
(hyperref)                removing `math shift' on input line 2176.


Package hyperref Warning: Token not allowed in a PDF string (PDFDocEncoding):
(hyperref)                removing `\@@underline' on input line 2176.


Package hyperref Warning: Token not allowed in a PDF string (PDFDocEncoding):
(hyperref)                removing `\hbox' on input line 2176.


Package hyperref Warning: Token not allowed in a PDF string (PDFDocEncoding):
(hyperref)                removing `\mathsurround' on input line 2176.


Package hyperref Warning: Token not allowed in a PDF string (PDFDocEncoding):
(hyperref)                removing `\z@' on input line 2176.


Package hyperref Warning: Token not allowed in a PDF string (PDFDocEncoding):
(hyperref)                removing `math shift' on input line 2176.

[46

]

Package hyperref Warning: Token not allowed in a PDF string (PDFDocEncoding):
(hyperref)                removing `\\' on input line 2222.

[47

]
Overfull \hbox (26.6481pt too wide) in paragraph at lines 2258--2262
\OT1/cmr/m/it/9 mooth-ing/sampling av-er-age ap-prox-i-ma-tion-s\OT1/cmr/m/n/9 
, Optimization-On-Line, Febru-ary 2011, http://www.optimization-
 []


Package hyperref Warning: Token not allowed in a PDF string (PDFDocEncoding):
(hyperref)                removing `\\' on input line 2277.

[48

]

Package hyperref Warning: Token not allowed in a PDF string (PDFDocEncoding):
(hyperref)                removing `\\' on input line 2302.

[49

]

Package hyperref Warning: Token not allowed in a PDF string (PDFDocEncoding):
(hyperref)                removing `\\' on input line 2340.


Package hyperref Warning: Token not allowed in a PDF string (PDFDocEncoding):
(hyperref)                removing `math shift' on input line 2340.


Package hyperref Warning: Token not allowed in a PDF string (PDFDocEncoding):
(hyperref)                removing `\@@underline' on input line 2340.


Package hyperref Warning: Token not allowed in a PDF string (PDFDocEncoding):
(hyperref)                removing `\hbox' on input line 2340.


Package hyperref Warning: Token not allowed in a PDF string (PDFDocEncoding):
(hyperref)                removing `\mathsurround' on input line 2340.


Package hyperref Warning: Token not allowed in a PDF string (PDFDocEncoding):
(hyperref)                removing `\z@' on input line 2340.


Package hyperref Warning: Token not allowed in a PDF string (PDFDocEncoding):
(hyperref)                removing `math shift' on input line 2340.

[50

] [51

] [52] [53] [54] [55] [56] [57] [58] [59] [60] [61] [62] [63] [64]
Underfull \hbox (badness 10000) in paragraph at lines 2827--2833

 []

[65] [66] [67] <ShiSan.jpg, id=907, 963.6pt x 586.44093pt>
File: ShiSan.jpg Graphic file (type jpg)
 <use ShiSan.jpg>
Package pdftex.def Info: ShiSan.jpg used on input line 2930.
(pdftex.def)             Requested size: 412.56496pt x 251.08192pt.
Package atveryend Info: Empty hook `BeforeClearDocument' on input line 2934.

[68 <E:/Meeting/201310-ICNONLA13-ChangChun/会务/ICNONLA-Conf-Manual/ShiSan.jp
g>]
Package atveryend Info: Empty hook `AfterLastShipout' on input line 2934.

(E:\Meeting\201310-ICNONLA13-ChangChun\会务\ICNONLA-Conf-Manual\ConfManual.au
x)
Package atveryend Info: Executing hook `AtVeryEndDocument' on input line 2934.
Package atveryend Info: Executing hook `AtEndAfterFileList' on input line 2934.

Package rerunfilecheck Info: File `ConfManual.out' has not changed.
(rerunfilecheck)             Checksum: 3C7AFFEAAD7C542C4546E18DE6E91C43;6442.


LaTeX Font Warning: Some font shapes were not available, defaults substituted.

 )
(\end occurred inside a group at level 3)

### simple group (level 3) entered at line 1457 ({)
### simple group (level 2) entered at line 1444 ({)
### simple group (level 1) entered at line 1425 ({)
### bottom level 
Here is how much of TeX's memory you used:
 7173 strings out of 495354
 102185 string characters out of 3182739
 198082 words of memory out of 3000000
 10048 multiletter control sequences out of 15000+200000
 22480 words of font info for 86 fonts, out of 3000000 for 9000
 14 hyphenation exceptions out of 8191
 35i,13n,27p,429b,574s stack positions out of 5000i,500n,10000p,200000b,50000s
pdfTeX warning (dest): name{Hfootnote.10} has been referenced b
ut does not exist, replaced by a fixed one

pdfTeX warning (dest): name{Hfootnote.9} has been referenced but does not exist
, replaced by a fixed one

pdfTeX warning (dest): name{Hfootnote.8} has been referenced but does not exist
, replaced by a fixed one

pdfTeX warning (dest): name{Hfootnote.7} has been referenced but does not exist
, replaced by a fixed one

pdfTeX warning (dest): name{Hfootnote.6} has been referenced but does not exist
, replaced by a fixed one

pdfTeX warning (dest): name{Hfootnote.5} has been referenced but does not exist
, replaced by a fixed one

pdfTeX warning (dest): name{Hfootnote.4} has been referenced but does not exist
, replaced by a fixed one

pdfTeX warning (dest): name{Hfootnote.3} has been referenced but does not exist
, replaced by a fixed one

pdfTeX warning (dest): name{Hfootnote.2} has been referenced but does not exist
, replaced by a fixed one

pdfTeX warning (dest): name{Hfootnote.1} has been referenced but does not exist
, replaced by a fixed one

<D:/Program Files (x86)/CTEX/CTeX/fonts/truetype/chinese/simsun.ttf><D:/Program
 Files (x86)/CTEX/CTeX/fonts/truetype/chinese/simsun.ttf><D:/Program Files (x86
)/CTEX/CTeX/fonts/truetype/chinese/simsun.ttf><D:/Program Files (x86)/CTEX/CTeX
/fonts/truetype/chinese/simsun.ttf><D:/Program Files (x86)/CTEX/CTeX/fonts/true
type/chinese/simsun.ttf><D:/Program Files (x86)/CTEX/CTeX/fonts/truetype/chines
e/simsun.ttf><D:/Program Files (x86)/CTEX/CTeX/fonts/truetype/chinese/simsun.tt
f><D:/Program Files (x86)/CTEX/MiKTeX/fonts/type1/public/amsfonts/cm/cmbx10.pfb
><D:/Program Files (x86)/CTEX/MiKTeX/fonts/type1/public/amsfonts/cm/cmbx12.pfb>
<D:/Program Files (x86)/CTEX/MiKTeX/fonts/type1/public/amsfonts/cm/cmbx9.pfb><D
:/Program Files (x86)/CTEX/MiKTeX/fonts/type1/public/amsfonts/cm/cmcsc10.pfb><D
:/Program Files (x86)/CTEX/MiKTeX/fonts/type1/public/amsfonts/cmextra/cmex9.pfb
><D:/Program Files (x86)/CTEX/MiKTeX/fonts/type1/public/amsfonts/cm/cmmi10.pfb>
<D:/Program Files (x86)/CTEX/MiKTeX/fonts/type1/public/amsfonts/cm/cmmi12.pfb><
D:/Program Files (x86)/CTEX/MiKTeX/fonts/type1/public/amsfonts/cm/cmmi5.pfb><D:
/Program Files (x86)/CTEX/MiKTeX/fonts/type1/public/amsfonts/cm/cmmi6.pfb><D:/P
rogram Files (x86)/CTEX/MiKTeX/fonts/type1/public/amsfonts/cm/cmmi7.pfb><D:/Pro
gram Files (x86)/CTEX/MiKTeX/fonts/type1/public/amsfonts/cm/cmmi8.pfb><D:/Progr
am Files (x86)/CTEX/MiKTeX/fonts/type1/public/amsfonts/cm/cmmi9.pfb><D:/Program
 Files (x86)/CTEX/MiKTeX/fonts/type1/public/amsfonts/cm/cmr10.pfb><D:/Program F
iles (x86)/CTEX/MiKTeX/fonts/type1/public/amsfonts/cm/cmr12.pfb><D:/Program Fil
es (x86)/CTEX/MiKTeX/fonts/type1/public/amsfonts/cm/cmr5.pfb><D:/Program Files 
(x86)/CTEX/MiKTeX/fonts/type1/public/amsfonts/cm/cmr6.pfb><D:/Program Files (x8
6)/CTEX/MiKTeX/fonts/type1/public/amsfonts/cm/cmr7.pfb><D:/Program Files (x86)/
CTEX/MiKTeX/fonts/type1/public/amsfonts/cm/cmr8.pfb><D:/Program Files (x86)/CTE
X/MiKTeX/fonts/type1/public/amsfonts/cm/cmr9.pfb><D:/Program Files (x86)/CTEX/M
iKTeX/fonts/type1/public/amsfonts/cm/cmsy10.pfb><D:/Program Files (x86)/CTEX/Mi
KTeX/fonts/type1/public/amsfonts/cm/cmsy6.pfb><D:/Program Files (x86)/CTEX/MiKT
eX/fonts/type1/public/amsfonts/cm/cmsy7.pfb><D:/Program Files (x86)/CTEX/MiKTeX
/fonts/type1/public/amsfonts/cm/cmsy8.pfb><D:/Program Files (x86)/CTEX/MiKTeX/f
onts/type1/public/amsfonts/cm/cmsy9.pfb><D:/Program Files (x86)/CTEX/MiKTeX/fon
ts/type1/public/amsfonts/cm/cmti12.pfb><D:/Program Files (x86)/CTEX/MiKTeX/font
s/type1/public/amsfonts/cm/cmti9.pfb><D:/Program Files (x86)/CTEX/MiKTeX/fonts/
type1/public/amsfonts/cm/cmtt10.pfb><D:/Program Files (x86)/CTEX/MiKTeX/fonts/t
ype1/public/amsfonts/cm/cmtt12.pfb><D:/Program Files (x86)/CTEX/MiKTeX/fonts/ty
pe1/public/amsfonts/cm/cmtt8.pfb><D:/Program Files (x86)/CTEX/MiKTeX/fonts/type
1/public/amsfonts/cm/cmtt9.pfb><D:/Program Files (x86)/CTEX/MiKTeX/fonts/type1/
public/amsfonts/symbols/msbm10.pfb>
Output written on ConfManual.pdf (88 pages, 1312293 bytes).
PDF statistics:
 1067 PDF objects out of 1200 (max. 8388607)
 165 named destinations out of 1000 (max. 500000)
 384 words of extra memory for PDF output out of 10000 (max. 10000000)

