This is pdfTeX, Version 3.1415926-2.3-1.40.12 (MiKTeX 2.9) (preloaded format=pdflatex 2012.8.16)  10 JUL 2014 11:13
entering extended mode
**E:/Meeting/201403-seminar/main.tex
(E:/Meeting/201403-seminar/main.tex
LaTeX2e <2011/06/27>
Babel <v3.8m> and hyphenation patterns for loaded.
("D:\Program Files (x86)\CTEX\UserData\tex\latex\beamer\base\beamer.cls"
("D:\Program Files (x86)\CTEX\UserData\tex\latex\beamer\base\beamerbasercs.sty"
Package: beamerbasercs 2012/06/01 (rcs-revision 352157baec3a)
)
Document Class: beamer 2011/09/12 development version 3.20 A class for typesett
ing presentations (rcs-revision 70f9d8411e54)

("D:\Program Files (x86)\CTEX\UserData\tex\latex\beamer\base\beamerbasemodes.st
y"
Package: beamerbasemodes 2012/04/15 (rcs-revision cc6557182d97)
\beamer@tempbox=\box26
\beamer@tempcount=\count79
\c@beamerpauses=\count80

("D:\Program Files (x86)\CTEX\UserData\tex\latex\beamer\base\beamerbasedecode.s
ty"
Package: beamerbasedecode 2010/05/01 (rcs-revision efa082c6111d)
\beamer@slideinframe=\count81
\beamer@minimum=\count82
)
\beamer@commentbox=\box27
\beamer@modecount=\count83
) ("D:\Program Files (x86)\CTEX\MiKTeX\tex\generic\oberdiek\ifpdf.sty"
Package: ifpdf 2011/01/30 v2.3 Provides the ifpdf switch (HO)
Package ifpdf Info: pdfTeX in PDF mode is detected.
)
\headheight=\dimen102
\headdp=\dimen103
\footheight=\dimen104
\sidebarheight=\dimen105
\beamer@tempdim=\dimen106
\beamer@finalheight=\dimen107
\beamer@animht=\dimen108
\beamer@animdp=\dimen109
\beamer@animwd=\dimen110
\beamer@leftmargin=\dimen111
\beamer@rightmargin=\dimen112
\beamer@leftsidebar=\dimen113
\beamer@rightsidebar=\dimen114
\beamer@boxsize=\dimen115
\beamer@vboxoffset=\dimen116
\beamer@descdefault=\dimen117
\beamer@descriptionwidth=\dimen118
\beamer@lastskip=\skip41
\beamer@areabox=\box28
\beamer@animcurrent=\box29
\beamer@animshowbox=\box30
\beamer@sectionbox=\box31
\beamer@logobox=\box32
\beamer@linebox=\box33
\beamer@sectioncount=\count84
\beamer@subsubsectionmax=\count85
\beamer@subsectionmax=\count86
\beamer@sectionmax=\count87
\beamer@totalheads=\count88
\beamer@headcounter=\count89
\beamer@partstartpage=\count90
\beamer@sectionstartpage=\count91
\beamer@subsectionstartpage=\count92
\beamer@animationtempa=\count93
\beamer@animationtempb=\count94
\beamer@xpos=\count95
\beamer@ypos=\count96
\beamer@showpartnumber=\count97
\beamer@currentsubsection=\count98
\beamer@coveringdepth=\count99
\beamer@sectionadjust=\count100
\beamer@tocsectionnumber=\count101

("D:\Program Files (x86)\CTEX\UserData\tex\latex\beamer\base\beamerbaseoptions.
sty"
Package: beamerbaseoptions 2010/04/27 (rcs-revision 982469101dd6)
 ("D:\Program Files (x86)\CTEX\MiKTeX\tex\latex\graphics\keyval.sty"
Package: keyval 1999/03/16 v1.13 key=value parser (DPC)
\KV@toks@=\toks14
))
\beamer@paperwidth=\skip42
\beamer@paperheight=\skip43

("D:\Program Files (x86)\CTEX\MiKTeX\tex\latex\geometry\geometry.sty"
Package: geometry 2010/09/12 v5.6 Page Geometry

("D:\Program Files (x86)\CTEX\MiKTeX\tex\generic\oberdiek\ifvtex.sty"
Package: ifvtex 2010/03/01 v1.5 Switches for detecting VTeX and its modes (HO)
Package ifvtex Info: VTeX not detected.
)
("D:\Program Files (x86)\CTEX\MiKTeX\tex\generic\ifxetex\ifxetex.sty"
Package: ifxetex 2010/09/12 v0.6 Provides ifxetex conditional
)
\Gm@cnth=\count102
\Gm@cntv=\count103
\c@Gm@tempcnt=\count104
\Gm@bindingoffset=\dimen119
\Gm@wd@mp=\dimen120
\Gm@odd@mp=\dimen121
\Gm@even@mp=\dimen122
\Gm@layoutwidth=\dimen123
\Gm@layoutheight=\dimen124
\Gm@layouthoffset=\dimen125
\Gm@layoutvoffset=\dimen126
\Gm@dimlist=\toks15

("D:\Program Files (x86)\CTEX\MiKTeX\tex\latex\geometry\geometry.cfg"))
("D:\Program Files (x86)\CTEX\MiKTeX\tex\latex\base\size10.clo"
File: size10.clo 2007/10/19 v1.4h Standard LaTeX file (size option)
)
("D:\Program Files (x86)\CTEX\UserData\tex\latex\pgf\basiclayer\pgfcore.sty"
("D:\Program Files (x86)\CTEX\MiKTeX\tex\latex\graphics\graphicx.sty"
Package: graphicx 1999/02/16 v1.0f Enhanced LaTeX Graphics (DPC,SPQR)

("D:\Program Files (x86)\CTEX\MiKTeX\tex\latex\graphics\graphics.sty"
Package: graphics 2009/02/05 v1.0o Standard LaTeX Graphics (DPC,SPQR)

("D:\Program Files (x86)\CTEX\MiKTeX\tex\latex\graphics\trig.sty"
Package: trig 1999/03/16 v1.09 sin cos tan (DPC)
)
("D:\Program Files (x86)\CTEX\MiKTeX\tex\latex\00miktex\graphics.cfg"
File: graphics.cfg 2007/01/18 v1.5 graphics configuration of teTeX/TeXLive
)
Package graphics Info: Driver file: pdftex.def on input line 91.

("D:\Program Files (x86)\CTEX\MiKTeX\tex\latex\pdftex-def\pdftex.def"
File: pdftex.def 2011/05/27 v0.06d Graphics/color for pdfTeX

("D:\Program Files (x86)\CTEX\MiKTeX\tex\generic\oberdiek\infwarerr.sty"
Package: infwarerr 2010/04/08 v1.3 Providing info/warning/message (HO)
)
("D:\Program Files (x86)\CTEX\MiKTeX\tex\generic\oberdiek\ltxcmds.sty"
Package: ltxcmds 2011/04/18 v1.20 LaTeX kernel commands for general use (HO)
)
\Gread@gobject=\count105
))
\Gin@req@height=\dimen127
\Gin@req@width=\dimen128
)
("D:\Program Files (x86)\CTEX\UserData\tex\latex\pgf\systemlayer\pgfsys.sty"
("D:\Program Files (x86)\CTEX\UserData\tex\latex\pgf\utilities\pgfrcs.sty"
("D:\Program Files (x86)\CTEX\UserData\tex\generic\pgf\utilities\pgfutil-common
.tex"
\pgfutil@everybye=\toks16
)
("D:\Program Files (x86)\CTEX\UserData\tex\generic\pgf\utilities\pgfutil-latex.
def"
\pgfutil@abb=\box34
 ("D:\Program Files (x86)\CTEX\UserData\tex\latex\ms\everyshi.sty"
Package: everyshi 2001/05/15 v3.00 EveryShipout Package (MS)
))
("D:\Program Files (x86)\CTEX\UserData\tex\generic\pgf\utilities\pgfrcs.code.te
x"
Package: pgfrcs 2010/10/25 v2.10 (rcs-revision 1.24)
))
("D:\Program Files (x86)\CTEX\UserData\tex\generic\pgf\systemlayer\pgfsys.code.
tex"
Package: pgfsys 2010/06/30 v2.10 (rcs-revision 1.37)

("D:\Program Files (x86)\CTEX\UserData\tex\generic\pgf\utilities\pgfkeys.code.t
ex"
\pgfkeys@pathtoks=\toks17
\pgfkeys@temptoks=\toks18

("D:\Program Files (x86)\CTEX\UserData\tex\generic\pgf\utilities\pgfkeysfiltere
d.code.tex"
\pgfkeys@tmptoks=\toks19
))
\pgf@x=\dimen129
\pgf@y=\dimen130
\pgf@xa=\dimen131
\pgf@ya=\dimen132
\pgf@xb=\dimen133
\pgf@yb=\dimen134
\pgf@xc=\dimen135
\pgf@yc=\dimen136
\w@pgf@writea=\write3
\r@pgf@reada=\read1
\c@pgf@counta=\count106
\c@pgf@countb=\count107
\c@pgf@countc=\count108
\c@pgf@countd=\count109

("D:\Program Files (x86)\CTEX\UserData\tex\generic\pgf\systemlayer\pgf.cfg"
File: pgf.cfg 2008/05/14  (rcs-revision 1.7)
)
Package pgfsys Info: Driver file for pgf: pgfsys-pdftex.def on input line 900.

("D:\Program Files (x86)\CTEX\UserData\tex\generic\pgf\systemlayer\pgfsys-pdfte
x.def"
File: pgfsys-pdftex.def 2009/05/22  (rcs-revision 1.26)

("D:\Program Files (x86)\CTEX\UserData\tex\generic\pgf\systemlayer\pgfsys-commo
n-pdf.def"
File: pgfsys-common-pdf.def 2008/05/19  (rcs-revision 1.10)
)))
("D:\Program Files (x86)\CTEX\UserData\tex\generic\pgf\systemlayer\pgfsyssoftpa
th.code.tex"
File: pgfsyssoftpath.code.tex 2008/07/18  (rcs-revision 1.7)
\pgfsyssoftpath@smallbuffer@items=\count110
\pgfsyssoftpath@bigbuffer@items=\count111
)
("D:\Program Files (x86)\CTEX\UserData\tex\generic\pgf\systemlayer\pgfsysprotoc
ol.code.tex"
File: pgfsysprotocol.code.tex 2006/10/16  (rcs-revision 1.4)
))
("D:\Program Files (x86)\CTEX\UserData\tex\latex\xcolor\xcolor.sty"
Package: xcolor 2007/01/21 v2.11 LaTeX color extensions (UK)

("D:\Program Files (x86)\CTEX\MiKTeX\tex\latex\00miktex\color.cfg"
File: color.cfg 2007/01/18 v1.5 color configuration of teTeX/TeXLive
)
Package xcolor Info: Driver file: pdftex.def on input line 225.

("D:\Program Files (x86)\CTEX\UserData\tex\latex\colortbl\colortbl.sty"
Package: colortbl 2001/02/13 v0.1j Color table columns (DPC)

("D:\Program Files (x86)\CTEX\MiKTeX\tex\latex\tools\array.sty"
Package: array 2008/09/09 v2.4c Tabular extension package (FMi)
\col@sep=\dimen137
\extrarowheight=\dimen138
\NC@list=\toks20
\extratabsurround=\skip44
\backup@length=\skip45
)
\everycr=\toks21
\minrowclearance=\skip46
)
\rownum=\count112
Package xcolor Info: Model `cmy' substituted by `cmy0' on input line 1337.
Package xcolor Info: Model `hsb' substituted by `rgb' on input line 1341.
Package xcolor Info: Model `RGB' extended on input line 1353.
Package xcolor Info: Model `HTML' substituted by `rgb' on input line 1355.
Package xcolor Info: Model `Hsb' substituted by `hsb' on input line 1356.
Package xcolor Info: Model `tHsb' substituted by `hsb' on input line 1357.
Package xcolor Info: Model `HSB' substituted by `hsb' on input line 1358.
Package xcolor Info: Model `Gray' substituted by `gray' on input line 1359.
Package xcolor Info: Model `wave' substituted by `hsb' on input line 1360.
)
("D:\Program Files (x86)\CTEX\UserData\tex\generic\pgf\basiclayer\pgfcore.code.
tex"
Package: pgfcore 2010/04/11 v2.10 (rcs-revision 1.7)

("D:\Program Files (x86)\CTEX\UserData\tex\generic\pgf\math\pgfmath.code.tex"
("D:\Program Files (x86)\CTEX\UserData\tex\generic\pgf\math\pgfmathcalc.code.te
x"
("D:\Program Files (x86)\CTEX\UserData\tex\generic\pgf\math\pgfmathutil.code.te
x")
("D:\Program Files (x86)\CTEX\UserData\tex\generic\pgf\math\pgfmathparser.code.
tex"
\pgfmath@dimen=\dimen139
\pgfmath@count=\count113
\pgfmath@box=\box35
\pgfmath@toks=\toks22
\pgfmath@stack@operand=\toks23
\pgfmath@stack@operation=\toks24
)
("D:\Program Files (x86)\CTEX\UserData\tex\generic\pgf\math\pgfmathfunctions.co
de.tex"
("D:\Program Files (x86)\CTEX\UserData\tex\generic\pgf\math\pgfmathfunctions.ba
sic.code.tex")
("D:\Program Files (x86)\CTEX\UserData\tex\generic\pgf\math\pgfmathfunctions.tr
igonometric.code.tex")
("D:\Program Files (x86)\CTEX\UserData\tex\generic\pgf\math\pgfmathfunctions.ra
ndom.code.tex")
("D:\Program Files (x86)\CTEX\UserData\tex\generic\pgf\math\pgfmathfunctions.co
mparison.code.tex")
("D:\Program Files (x86)\CTEX\UserData\tex\generic\pgf\math\pgfmathfunctions.ba
se.code.tex")
("D:\Program Files (x86)\CTEX\UserData\tex\generic\pgf\math\pgfmathfunctions.ro
und.code.tex")
("D:\Program Files (x86)\CTEX\UserData\tex\generic\pgf\math\pgfmathfunctions.mi
sc.code.tex")))
("D:\Program Files (x86)\CTEX\UserData\tex\generic\pgf\math\pgfmathfloat.code.t
ex"
\c@pgfmathroundto@lastzeros=\count114
))
("D:\Program Files (x86)\CTEX\UserData\tex\generic\pgf\basiclayer\pgfcorepoints
.code.tex"
File: pgfcorepoints.code.tex 2010/04/09  (rcs-revision 1.20)
\pgf@picminx=\dimen140
\pgf@picmaxx=\dimen141
\pgf@picminy=\dimen142
\pgf@picmaxy=\dimen143
\pgf@pathminx=\dimen144
\pgf@pathmaxx=\dimen145
\pgf@pathminy=\dimen146
\pgf@pathmaxy=\dimen147
\pgf@xx=\dimen148
\pgf@xy=\dimen149
\pgf@yx=\dimen150
\pgf@yy=\dimen151
\pgf@zx=\dimen152
\pgf@zy=\dimen153
)
("D:\Program Files (x86)\CTEX\UserData\tex\generic\pgf\basiclayer\pgfcorepathco
nstruct.code.tex"
File: pgfcorepathconstruct.code.tex 2010/08/03  (rcs-revision 1.24)
\pgf@path@lastx=\dimen154
\pgf@path@lasty=\dimen155
)
("D:\Program Files (x86)\CTEX\UserData\tex\generic\pgf\basiclayer\pgfcorepathus
age.code.tex"
File: pgfcorepathusage.code.tex 2008/04/22  (rcs-revision 1.12)
\pgf@shorten@end@additional=\dimen156
\pgf@shorten@start@additional=\dimen157
)
("D:\Program Files (x86)\CTEX\UserData\tex\generic\pgf\basiclayer\pgfcorescopes
.code.tex"
File: pgfcorescopes.code.tex 2010/09/08  (rcs-revision 1.34)
\pgfpic=\box36
\pgf@hbox=\box37
\pgf@layerbox@main=\box38
\pgf@picture@serial@count=\count115
)
("D:\Program Files (x86)\CTEX\UserData\tex\generic\pgf\basiclayer\pgfcoregraphi
cstate.code.tex"
File: pgfcoregraphicstate.code.tex 2008/04/22  (rcs-revision 1.9)
\pgflinewidth=\dimen158
)
("D:\Program Files (x86)\CTEX\UserData\tex\generic\pgf\basiclayer\pgfcoretransf
ormations.code.tex"
File: pgfcoretransformations.code.tex 2009/06/10  (rcs-revision 1.11)
\pgf@pt@x=\dimen159
\pgf@pt@y=\dimen160
\pgf@pt@temp=\dimen161
)
("D:\Program Files (x86)\CTEX\UserData\tex\generic\pgf\basiclayer\pgfcorequick.
code.tex"
File: pgfcorequick.code.tex 2008/10/09  (rcs-revision 1.3)
)
("D:\Program Files (x86)\CTEX\UserData\tex\generic\pgf\basiclayer\pgfcoreobject
s.code.tex"
File: pgfcoreobjects.code.tex 2006/10/11  (rcs-revision 1.2)
)
("D:\Program Files (x86)\CTEX\UserData\tex\generic\pgf\basiclayer\pgfcorepathpr
ocessing.code.tex"
File: pgfcorepathprocessing.code.tex 2008/10/09  (rcs-revision 1.8)
)
("D:\Program Files (x86)\CTEX\UserData\tex\generic\pgf\basiclayer\pgfcorearrows
.code.tex"
File: pgfcorearrows.code.tex 2008/04/23  (rcs-revision 1.11)
)
("D:\Program Files (x86)\CTEX\UserData\tex\generic\pgf\basiclayer\pgfcoreshade.
code.tex"
File: pgfcoreshade.code.tex 2008/11/23  (rcs-revision 1.13)
\pgf@max=\dimen162
\pgf@sys@shading@range@num=\count116
)
("D:\Program Files (x86)\CTEX\UserData\tex\generic\pgf\basiclayer\pgfcoreimage.
code.tex"
File: pgfcoreimage.code.tex 2010/03/25  (rcs-revision 1.16)

("D:\Program Files (x86)\CTEX\UserData\tex\generic\pgf\basiclayer\pgfcoreextern
al.code.tex"
File: pgfcoreexternal.code.tex 2010/09/01  (rcs-revision 1.17)
\pgfexternal@startupbox=\box39
))
("D:\Program Files (x86)\CTEX\UserData\tex\generic\pgf\basiclayer\pgfcorelayers
.code.tex"
File: pgfcorelayers.code.tex 2010/08/27  (rcs-revision 1.2)
)
("D:\Program Files (x86)\CTEX\UserData\tex\generic\pgf\basiclayer\pgfcoretransp
arency.code.tex"
File: pgfcoretransparency.code.tex 2008/01/17  (rcs-revision 1.2)
)
("D:\Program Files (x86)\CTEX\UserData\tex\generic\pgf\basiclayer\pgfcorepatter
ns.code.tex"
File: pgfcorepatterns.code.tex 2009/07/02  (rcs-revision 1.3)
)))
("D:\Program Files (x86)\CTEX\UserData\tex\latex\pgf\utilities\xxcolor.sty"
Package: xxcolor 2003/10/24 ver 0.1
\XC@nummixins=\count117
\XC@countmixins=\count118
)
("D:\Program Files (x86)\CTEX\MiKTeX\tex\latex\hyperref\hyperref.sty"
Package: hyperref 2012/02/06 v6.82o Hypertext links for LaTeX

("D:\Program Files (x86)\CTEX\MiKTeX\tex\generic\oberdiek\hobsub-hyperref.sty"
Package: hobsub-hyperref 2011/04/23 v1.4 Bundle oberdiek, subset hyperref (HO)

("D:\Program Files (x86)\CTEX\MiKTeX\tex\generic\oberdiek\hobsub-generic.sty"
Package: hobsub-generic 2011/04/23 v1.4 Bundle oberdiek, subset generic (HO)
Package: hobsub 2011/04/23 v1.4 Subsetting bundle oberdiek (HO)
Package hobsub Info: Skipping package `infwarerr' (already loaded).
Package hobsub Info: Skipping package `ltxcmds' (already loaded).
Package: ifluatex 2010/03/01 v1.3 Provides the ifluatex switch (HO)
Package ifluatex Info: LuaTeX not detected.
Package hobsub Info: Skipping package `ifvtex' (already loaded).
Package: intcalc 2007/09/27 v1.1 Expandable integer calculations (HO)
Package hobsub Info: Skipping package `ifpdf' (already loaded).
Package: etexcmds 2011/02/16 v1.5 Prefix for e-TeX command names (HO)
Package etexcmds Info: Could not find \expanded.
(etexcmds)             That can mean that you are not using pdfTeX 1.50 or
(etexcmds)             that some package has redefined \expanded.
(etexcmds)             In the latter case, load this package earlier.
Package: kvsetkeys 2011/04/07 v1.13 Key value parser (HO)
Package: kvdefinekeys 2011/04/07 v1.3 Defining keys (HO)
Package: pdftexcmds 2011/04/22 v0.16 Utilities of pdfTeX for LuaTeX (HO)
Package pdftexcmds Info: LuaTeX not detected.
Package pdftexcmds Info: \pdf@primitive is available.
Package pdftexcmds Info: \pdf@ifprimitive is available.
Package pdftexcmds Info: \pdfdraftmode found.
Package: pdfescape 2011/04/04 v1.12 Provides string conversions (HO)
Package: bigintcalc 2011/01/30 v1.2 Expandable big integer calculations (HO)
Package: bitset 2011/01/30 v1.1 Data type bit set (HO)
Package: uniquecounter 2011/01/30 v1.2 Provides unlimited unique counter (HO)
)
Package hobsub Info: Skipping package `hobsub' (already loaded).
Package: letltxmacro 2010/09/02 v1.4 Let assignment for LaTeX macros (HO)
Package: hopatch 2011/01/30 v1.0 Wrapper for package hooks (HO)
Package: xcolor-patch 2011/01/30 xcolor patch
Package: atveryend 2011/04/23 v1.7 Hooks at very end of document (HO)
Package: atbegshi 2011/01/30 v1.15 At begin shipout hook (HO)
Package: refcount 2010/12/01 v3.2 Data extraction from references (HO)
Package: hycolor 2011/01/30 v1.7 Color options of hyperref/bookmark (HO)
) ("D:\Program Files (x86)\CTEX\MiKTeX\tex\latex\oberdiek\kvoptions.sty"
Package: kvoptions 2010/12/23 v3.10 Keyval support for LaTeX options (HO)
)
\@linkdim=\dimen163
\Hy@linkcounter=\count119
\Hy@pagecounter=\count120

("D:\Program Files (x86)\CTEX\MiKTeX\tex\latex\hyperref\pd1enc.def"
File: pd1enc.def 2012/02/06 v6.82o Hyperref: PDFDocEncoding definition (HO)
)
\Hy@SavedSpaceFactor=\count121

("D:\Program Files (x86)\CTEX\MiKTeX\tex\latex\00miktex\hyperref.cfg"
File: hyperref.cfg 2002/06/06 v1.2 hyperref configuration of TeXLive
)
Package hyperref Info: Option `bookmarks' set `true' on input line 3925.
Package hyperref Info: Option `bookmarksopen' set `true' on input line 3925.
Package hyperref Info: Option `pdfpagelabels' set `false' on input line 3925.
Package hyperref Info: Option `implicit' set `false' on input line 3925.
Package hyperref Info: Hyper figures OFF on input line 4046.
Package hyperref Info: Link nesting OFF on input line 4051.
Package hyperref Info: Hyper index ON on input line 4054.
Package hyperref Info: Plain pages OFF on input line 4061.
Package hyperref Info: Backreferencing OFF on input line 4066.
Package hyperref Info: Implicit mode OFF; no redefinition of LaTeX internals.
Package hyperref Info: Bookmarks ON on input line 4284.
\c@Hy@tempcnt=\count122

("D:\Program Files (x86)\CTEX\MiKTeX\tex\latex\ltxmisc\url.sty"
\Urlmuskip=\muskip10
Package: url 2006/04/12  ver 3.3  Verb mode for urls, etc.
)
LaTeX Info: Redefining \url on input line 4637.
\Fld@menulength=\count123
\Field@Width=\dimen164
\Fld@charsize=\dimen165
Package hyperref Info: Hyper figures OFF on input line 5757.
Package hyperref Info: Link nesting OFF on input line 5762.
Package hyperref Info: Hyper index ON on input line 5765.
Package hyperref Info: backreferencing OFF on input line 5772.
Package hyperref Info: Link coloring OFF on input line 5777.
Package hyperref Info: Link coloring with OCG OFF on input line 5782.
Package hyperref Info: PDF/A mode OFF on input line 5787.
LaTeX Info: Redefining \ref on input line 5827.
LaTeX Info: Redefining \pageref on input line 5831.


Package hyperref Message: Stopped early.

)

Package hyperref Message: Driver (autodetected): hpdftex.

("D:\Program Files (x86)\CTEX\MiKTeX\tex\latex\hyperref\hpdftex.def"
File: hpdftex.def 2012/02/06 v6.82o Hyperref driver for pdfTeX
\Fld@listcount=\count124
\c@bookmark@seq@number=\count125

("D:\Program Files (x86)\CTEX\MiKTeX\tex\latex\oberdiek\rerunfilecheck.sty"
Package: rerunfilecheck 2011/04/15 v1.7 Rerun checks for auxiliary files (HO)
Package uniquecounter Info: New unique counter `rerunfilecheck' on input line 2
82.
))
("D:\Program Files (x86)\CTEX\UserData\tex\latex\beamer\base\beamerbaserequires
.sty"
Package: beamerbaserequires 2010/05/01  (rcs-revision efa082c6111d)

("D:\Program Files (x86)\CTEX\UserData\tex\latex\beamer\base\beamerbasecompatib
ility.sty"
Package: beamerbasecompatibility 2012/05/01  (rcs-revision 67c48b3b652d)
)
("D:\Program Files (x86)\CTEX\UserData\tex\latex\beamer\base\beamerbasefont.sty
"
Package: beamerbasefont 2012/05/10  (rcs-revision a0b4f9f91ee9)
 ("D:\Program Files (x86)\CTEX\MiKTeX\tex\latex\amsfonts\amssymb.sty"
Package: amssymb 2009/06/22 v3.00

("D:\Program Files (x86)\CTEX\MiKTeX\tex\latex\amsfonts\amsfonts.sty"
Package: amsfonts 2009/06/22 v3.00 Basic AMSFonts support
\@emptytoks=\toks25
\symAMSa=\mathgroup4
\symAMSb=\mathgroup5
LaTeX Font Info:    Overwriting math alphabet `\mathfrak' in version `bold'
(Font)                  U/euf/m/n --> U/euf/b/n on input line 96.
)))
("D:\Program Files (x86)\CTEX\UserData\tex\latex\beamer\base\beamerbasetranslat
or.sty"
Package: beamerbasetranslator 2010/06/11  (rcs-revision 85fd1cc7fc42)

("D:\Program Files (x86)\CTEX\UserData\tex\latex\beamer\base\translator\transla
tor.sty"
Package: translator 2010/06/12 ver 1.10

("D:\Program Files (x86)\CTEX\UserData\tex\latex\beamer\base\translator\transla
tor-language-mappings.tex")))
("D:\Program Files (x86)\CTEX\UserData\tex\latex\beamer\base\beamerbasemisc.sty
"
Package: beamerbasemisc 2012/02/24  (rcs-revision 2ff5461be705)
)
("D:\Program Files (x86)\CTEX\UserData\tex\latex\beamer\base\beamerbasetwoscree
ns.sty"
Package: beamerbasetwoscreens 2010/05/01  (rcs-revision efa082c6111d)
)
("D:\Program Files (x86)\CTEX\UserData\tex\latex\beamer\base\beamerbaseoverlay.
sty"
Package: beamerbaseoverlay 2012/04/03  (rcs-revision 45744d9ae88b)
\beamer@argscount=\count126
\beamer@lastskipcover=\skip47
\beamer@trivlistdepth=\count127
)
("D:\Program Files (x86)\CTEX\UserData\tex\latex\beamer\base\beamerbasetitle.st
y"
Package: beamerbasetitle 2010/09/21  (rcs-revision f0446ed0b6ae)
)
("D:\Program Files (x86)\CTEX\UserData\tex\latex\beamer\base\beamerbasesection.
sty"
Package: beamerbasesection 2012/05/30  (rcs-revision 22ff49def670)
\c@lecture=\count128
\c@part=\count129
\c@section=\count130
\c@subsection=\count131
\c@subsubsection=\count132
)
("D:\Program Files (x86)\CTEX\UserData\tex\latex\beamer\base\beamerbaseframe.st
y"
Package: beamerbaseframe 2012/05/31  (rcs-revision 5fc3b3dbfeba)
\beamer@framebox=\box40
\beamer@frametitlebox=\box41
\beamer@zoombox=\box42
\beamer@zoomcount=\count133
\beamer@zoomframecount=\count134
\beamer@frametextheight=\dimen166
\c@subsectionslide=\count135
\beamer@frametopskip=\skip48
\beamer@framebottomskip=\skip49
\beamer@frametopskipautobreak=\skip50
\beamer@framebottomskipautobreak=\skip51
\beamer@envbody=\toks26
\c@framenumber=\count136
)
("D:\Program Files (x86)\CTEX\UserData\tex\latex\beamer\base\beamerbaseverbatim
.sty"
Package: beamerbaseverbatim 2011/09/12  (rcs-revision 70f9d8411e54)
\beamer@verbatimfileout=\write4
)
("D:\Program Files (x86)\CTEX\UserData\tex\latex\beamer\base\beamerbaseframesiz
e.sty"
Package: beamerbaseframesize 2011/09/12  (rcs-revision 70f9d8411e54)
\beamer@splitbox=\box43
\beamer@autobreakcount=\count137
\beamer@autobreaklastheight=\dimen167
\beamer@frametitletoks=\toks27
\beamer@framesubtitletoks=\toks28
)
("D:\Program Files (x86)\CTEX\UserData\tex\latex\beamer\base\beamerbaseframecom
ponents.sty"
Package: beamerbaseframecomponents 2012/03/07  (rcs-revision 9f094699ce15)
\beamer@footins=\box44
)
("D:\Program Files (x86)\CTEX\UserData\tex\latex\beamer\base\beamerbasecolor.st
y"
Package: beamerbasecolor 2010/06/06  (rcs-revision d1a9b48be06d)
)
("D:\Program Files (x86)\CTEX\UserData\tex\latex\beamer\base\beamerbasenotes.st
y"
Package: beamerbasenotes 2010/05/01  (rcs-revision efa082c6111d)
\beamer@frameboxcopy=\box45
)
("D:\Program Files (x86)\CTEX\UserData\tex\latex\beamer\base\beamerbasetoc.sty"
Package: beamerbasetoc 2012/02/28  (rcs-revision 138681b92320)
)
("D:\Program Files (x86)\CTEX\UserData\tex\latex\beamer\base\beamerbasetemplate
s.sty"
Package: beamerbasetemplates 2010/05/01  (rcs-revision efa082c6111d)
\beamer@sbttoks=\toks29

("D:\Program Files (x86)\CTEX\UserData\tex\latex\beamer\base\beamerbaseauxtempl
ates.sty"
Package: beamerbaseauxtemplates 2012/05/01  (rcs-revision 67c48b3b652d)

("D:\Program Files (x86)\CTEX\UserData\tex\latex\beamer\base\beamerbaseboxes.st
y"
Package: beamerbaseboxes 2012/05/13  (rcs-revision 56972908a390)
\bmb@box=\box46
\bmb@colorbox=\box47
\bmb@boxshadow=\box48
\bmb@boxshadowball=\box49
\bmb@boxshadowballlarge=\box50
\bmb@temp=\dimen168
\bmb@dima=\dimen169
\bmb@dimb=\dimen170
\bmb@prevheight=\dimen171
)
\beamer@blockheadheight=\dimen172
))
("D:\Program Files (x86)\CTEX\UserData\tex\latex\beamer\base\beamerbaselocalstr
ucture.sty"
Package: beamerbaselocalstructure 2012/05/25  (rcs-revision 5ff5e8ed7c0e)
 ("D:\Program Files (x86)\CTEX\MiKTeX\tex\latex\tools\enumerate.sty"
Package: enumerate 1999/03/05 v3.00 enumerate extensions (DPC)
\@enLab=\toks30
)
\c@figure=\count138
\c@table=\count139
\abovecaptionskip=\skip52
\belowcaptionskip=\skip53
)
("D:\Program Files (x86)\CTEX\UserData\tex\latex\beamer\base\beamerbasenavigati
on.sty"
Package: beamerbasenavigation 2012/04/03  (rcs-revision 42a0f21a412d)
\beamer@section@min@dim=\dimen173
)
("D:\Program Files (x86)\CTEX\UserData\tex\latex\beamer\base\beamerbasetheorems
.sty"
Package: beamerbasetheorems 2010/06/06  (rcs-revision 7e7cc5e53e9d)
 ("D:\Program Files (x86)\CTEX\MiKTeX\tex\latex\ams\math\amsmath.sty"
Package: amsmath 2000/07/18 v2.13 AMS math features
\@mathmargin=\skip54

For additional information on amsmath, use the `?' option.
("D:\Program Files (x86)\CTEX\MiKTeX\tex\latex\ams\math\amstext.sty"
Package: amstext 2000/06/29 v2.01

("D:\Program Files (x86)\CTEX\MiKTeX\tex\latex\ams\math\amsgen.sty"
File: amsgen.sty 1999/11/30 v2.0
\@emptytoks=\toks31
\ex@=\dimen174
))
("D:\Program Files (x86)\CTEX\MiKTeX\tex\latex\ams\math\amsbsy.sty"
Package: amsbsy 1999/11/29 v1.2d
\pmbraise@=\dimen175
)
("D:\Program Files (x86)\CTEX\MiKTeX\tex\latex\ams\math\amsopn.sty"
Package: amsopn 1999/12/14 v2.01 operator names
)
\inf@bad=\count140
LaTeX Info: Redefining \frac on input line 211.
\uproot@=\count141
\leftroot@=\count142
LaTeX Info: Redefining \overline on input line 307.
\classnum@=\count143
\DOTSCASE@=\count144
LaTeX Info: Redefining \ldots on input line 379.
LaTeX Info: Redefining \dots on input line 382.
LaTeX Info: Redefining \cdots on input line 467.
\Mathstrutbox@=\box51
\strutbox@=\box52
\big@size=\dimen176
LaTeX Font Info:    Redeclaring font encoding OML on input line 567.
LaTeX Font Info:    Redeclaring font encoding OMS on input line 568.
\macc@depth=\count145
\c@MaxMatrixCols=\count146
\dotsspace@=\muskip11
\c@parentequation=\count147
\dspbrk@lvl=\count148
\tag@help=\toks32
\row@=\count149
\column@=\count150
\maxfields@=\count151
\andhelp@=\toks33
\eqnshift@=\dimen177
\alignsep@=\dimen178
\tagshift@=\dimen179
\tagwidth@=\dimen180
\totwidth@=\dimen181
\lineht@=\dimen182
\@envbody=\toks34
\multlinegap=\skip55
\multlinetaggap=\skip56
\mathdisplay@stack=\toks35
LaTeX Info: Redefining \[ on input line 2666.
LaTeX Info: Redefining \] on input line 2667.
)
("D:\Program Files (x86)\CTEX\MiKTeX\tex\latex\ams\classes\amsthm.sty"
Package: amsthm 2004/08/06 v2.20
\thm@style=\toks36
\thm@bodyfont=\toks37
\thm@headfont=\toks38
\thm@notefont=\toks39
\thm@headpunct=\toks40
\thm@preskip=\skip57
\thm@postskip=\skip58
\thm@headsep=\skip59
\dth@everypar=\toks41
)
\c@theorem=\count152
)
("D:\Program Files (x86)\CTEX\UserData\tex\latex\beamer\base\beamerbasethemes.s
ty"
Package: beamerbasethemes 2010/05/01  (rcs-revision efa082c6111d)
))
("D:\Program Files (x86)\CTEX\UserData\tex\latex\beamer\base\themes\theme\beame
rthemedefault.sty"
Package: beamerthemedefault 2010/06/17  (rcs-revision d02a7cf4d8ae)

("D:\Program Files (x86)\CTEX\UserData\tex\latex\beamer\base\themes\font\beamer
fontthemedefault.sty"
Package: beamerfontthemedefault 2010/06/17  (rcs-revision d02a7cf4d8ae)
)
("D:\Program Files (x86)\CTEX\UserData\tex\latex\beamer\base\themes\color\beame
rcolorthemedefault.sty"
Package: beamercolorthemedefault 2010/06/17  (rcs-revision d02a7cf4d8ae)
)
("D:\Program Files (x86)\CTEX\UserData\tex\latex\beamer\base\themes\inner\beame
rinnerthemedefault.sty"
Package: beamerinnerthemedefault 2012/05/01  (rcs-revision 67c48b3b652d)
\beamer@dima=\dimen183
\beamer@dimb=\dimen184
)
("D:\Program Files (x86)\CTEX\UserData\tex\latex\beamer\base\themes\outer\beame
routerthemedefault.sty"
Package: beamerouterthemedefault 2010/06/17  (rcs-revision d02a7cf4d8ae)
))) (E:\Meeting\201403-seminar\SetUp.tex
("D:\Program Files (x86)\CTEX\UserData\tex\latex\beamer\base\themes\color\beame
rcolorthemeorchid.sty"
Package: beamercolorthemeorchid 2010/06/17  (rcs-revision d02a7cf4d8ae)
)
("D:\Program Files (x86)\CTEX\UserData\tex\latex\beamer\base\themes\inner\beame
rinnerthemerounded.sty"
Package: beamerinnerthemerounded 2010/06/17  (rcs-revision d02a7cf4d8ae)
)
("D:\Program Files (x86)\CTEX\MiKTeX\tex\latex\jknappen\mathrsfs.sty"
Package: mathrsfs 1996/01/01 Math RSFS package v1.0 (jk)
\symrsfs=\mathgroup6
)
("D:\Program Files (x86)\CTEX\UserData\tex\latex\subfigure\subfigure.sty"
Package: subfigure 2002/07/30 v2.1.4 subfigure package
\subfigtopskip=\skip60
\subfigcapskip=\skip61
\subfigcaptopadj=\dimen185
\subfigbottomskip=\skip62
\subfigcapmargin=\dimen186
\subfiglabelskip=\skip63
\c@subfigure=\count153
\c@lofdepth=\count154
\c@subtable=\count155
\c@lotdepth=\count156

****************************************
* Local config file subfigure.cfg used *
****************************************
("D:\Program Files (x86)\CTEX\UserData\tex\latex\subfigure\subfigure.cfg")
\subfig@top=\skip64
\subfig@bottom=\skip65
)
("D:\Program Files (x86)\CTEX\UserData\tex\latex\clock\clock.sty"
Package: clock 2001/04/10 v0.1 TeXclock

("D:\Program Files (x86)\CTEX\UserData\tex\generic\clock\clock.tex"
\time@in@minutes=\count157
\floor@minutes=\count158
\hour@minutes=\count159
\text@hours=\count160
\text@minutes=\count161
\my@minute=\count162
\my@minutes=\count163
\my@hour=\count164
\ClockStyle=\count165
))
("D:\Program Files (x86)\CTEX\MiKTeX\tex\latex\base\textcomp.sty"
Package: textcomp 2005/09/27 v1.99g Standard LaTeX package
Package textcomp Info: Sub-encoding information:
(textcomp)               5 = only ISO-Adobe without \textcurrency
(textcomp)               4 = 5 + \texteuro
(textcomp)               3 = 4 + \textohm
(textcomp)               2 = 3 + \textestimated + \textcurrency
(textcomp)               1 = TS1 - \textcircled - \t
(textcomp)               0 = TS1 (full)
(textcomp)             Font families with sub-encoding setting implement
(textcomp)             only a restricted character set as indicated.
(textcomp)             Family '?' is the default used for unknown fonts.
(textcomp)             See the documentation for details.
Package textcomp Info: Setting ? sub-encoding to TS1/1 on input line 71.

("D:\Program Files (x86)\CTEX\MiKTeX\tex\latex\base\ts1enc.def"
File: ts1enc.def 2001/06/05 v3.0e (jk/car/fm) Standard LaTeX file
)
LaTeX Info: Redefining \oldstylenums on input line 266.
Package textcomp Info: Setting cmr sub-encoding to TS1/0 on input line 281.
Package textcomp Info: Setting cmss sub-encoding to TS1/0 on input line 282.
Package textcomp Info: Setting cmtt sub-encoding to TS1/0 on input line 283.
Package textcomp Info: Setting cmvtt sub-encoding to TS1/0 on input line 284.
Package textcomp Info: Setting cmbr sub-encoding to TS1/0 on input line 285.
Package textcomp Info: Setting cmtl sub-encoding to TS1/0 on input line 286.
Package textcomp Info: Setting ccr sub-encoding to TS1/0 on input line 287.
Package textcomp Info: Setting ptm sub-encoding to TS1/4 on input line 288.
Package textcomp Info: Setting pcr sub-encoding to TS1/4 on input line 289.
Package textcomp Info: Setting phv sub-encoding to TS1/4 on input line 290.
Package textcomp Info: Setting ppl sub-encoding to TS1/3 on input line 291.
Package textcomp Info: Setting pag sub-encoding to TS1/4 on input line 292.
Package textcomp Info: Setting pbk sub-encoding to TS1/4 on input line 293.
Package textcomp Info: Setting pnc sub-encoding to TS1/4 on input line 294.
Package textcomp Info: Setting pzc sub-encoding to TS1/4 on input line 295.
Package textcomp Info: Setting bch sub-encoding to TS1/4 on input line 296.
Package textcomp Info: Setting put sub-encoding to TS1/5 on input line 297.
Package textcomp Info: Setting uag sub-encoding to TS1/5 on input line 298.
Package textcomp Info: Setting ugq sub-encoding to TS1/5 on input line 299.
Package textcomp Info: Setting ul8 sub-encoding to TS1/4 on input line 300.
Package textcomp Info: Setting ul9 sub-encoding to TS1/4 on input line 301.
Package textcomp Info: Setting augie sub-encoding to TS1/5 on input line 302.
Package textcomp Info: Setting dayrom sub-encoding to TS1/3 on input line 303.
Package textcomp Info: Setting dayroms sub-encoding to TS1/3 on input line 304.

Package textcomp Info: Setting pxr sub-encoding to TS1/0 on input line 305.
Package textcomp Info: Setting pxss sub-encoding to TS1/0 on input line 306.
Package textcomp Info: Setting pxtt sub-encoding to TS1/0 on input line 307.
Package textcomp Info: Setting txr sub-encoding to TS1/0 on input line 308.
Package textcomp Info: Setting txss sub-encoding to TS1/0 on input line 309.
Package textcomp Info: Setting txtt sub-encoding to TS1/0 on input line 310.
Package textcomp Info: Setting lmr sub-encoding to TS1/0 on input line 311.
Package textcomp Info: Setting lmdh sub-encoding to TS1/0 on input line 312.
Package textcomp Info: Setting lmss sub-encoding to TS1/0 on input line 313.
Package textcomp Info: Setting lmssq sub-encoding to TS1/0 on input line 314.
Package textcomp Info: Setting lmvtt sub-encoding to TS1/0 on input line 315.
Package textcomp Info: Setting qhv sub-encoding to TS1/0 on input line 316.
Package textcomp Info: Setting qag sub-encoding to TS1/0 on input line 317.
Package textcomp Info: Setting qbk sub-encoding to TS1/0 on input line 318.
Package textcomp Info: Setting qcr sub-encoding to TS1/0 on input line 319.
Package textcomp Info: Setting qcs sub-encoding to TS1/0 on input line 320.
Package textcomp Info: Setting qpl sub-encoding to TS1/0 on input line 321.
Package textcomp Info: Setting qtm sub-encoding to TS1/0 on input line 322.
Package textcomp Info: Setting qzc sub-encoding to TS1/0 on input line 323.
Package textcomp Info: Setting qhvc sub-encoding to TS1/0 on input line 324.
Package textcomp Info: Setting futs sub-encoding to TS1/4 on input line 325.
Package textcomp Info: Setting futx sub-encoding to TS1/4 on input line 326.
Package textcomp Info: Setting futj sub-encoding to TS1/4 on input line 327.
Package textcomp Info: Setting hlh sub-encoding to TS1/3 on input line 328.
Package textcomp Info: Setting hls sub-encoding to TS1/3 on input line 329.
Package textcomp Info: Setting hlst sub-encoding to TS1/3 on input line 330.
Package textcomp Info: Setting hlct sub-encoding to TS1/5 on input line 331.
Package textcomp Info: Setting hlx sub-encoding to TS1/5 on input line 332.
Package textcomp Info: Setting hlce sub-encoding to TS1/5 on input line 333.
Package textcomp Info: Setting hlcn sub-encoding to TS1/5 on input line 334.
Package textcomp Info: Setting hlcw sub-encoding to TS1/5 on input line 335.
Package textcomp Info: Setting hlcf sub-encoding to TS1/5 on input line 336.
Package textcomp Info: Setting pplx sub-encoding to TS1/3 on input line 337.
Package textcomp Info: Setting pplj sub-encoding to TS1/3 on input line 338.
Package textcomp Info: Setting ptmx sub-encoding to TS1/4 on input line 339.
Package textcomp Info: Setting ptmj sub-encoding to TS1/4 on input line 340.
)
("D:\Program Files (x86)\CTEX\MiKTeX\tex\latex\base\fontenc.sty"
Package: fontenc 2005/09/27 v1.99g Standard LaTeX package

("D:\Program Files (x86)\CTEX\MiKTeX\tex\latex\base\t1enc.def"
File: t1enc.def 2005/09/27 v1.99g Standard LaTeX file
LaTeX Font Info:    Redeclaring font encoding T1 on input line 43.
))
("D:\Program Files (x86)\CTEX\MiKTeX\tex\latex\tools\verbatim.sty"
Package: verbatim 2003/08/22 v1.5q LaTeX2e package for verbatim enhancements
\every@verbatim=\toks42
\verbatim@line=\toks43
\verbatim@in@stream=\read2
)
("D:\Program Files (x86)\CTEX\UserData\tex\latex\moreverb\moreverb.sty"
Package: moreverb 2008/06/03 v2.3a `more' verbatim facilities
\tab@position=\count166
\tab@size=\count167
\listing@line=\count168
)
("D:\Program Files (x86)\CTEX\MiKTeX\tex\latex\multirow\multirow.sty"
\bigstrutjot=\dimen187
)
("D:\Program Files (x86)\CTEX\MiKTeX\tex\latex\tools\multicol.sty"
Package: multicol 2011/06/27 v1.7a multicolumn formatting (FMi)
\c@tracingmulticols=\count169
\mult@box=\box53
\multicol@leftmargin=\dimen188
\c@unbalance=\count170
\c@collectmore=\count171
\doublecol@number=\count172
\multicoltolerance=\count173
\multicolpretolerance=\count174
\full@width=\dimen189
\page@free=\dimen190
\premulticols=\dimen191
\postmulticols=\dimen192
\multicolsep=\skip66
\multicolbaselineskip=\skip67
\partial@page=\box54
\last@line=\box55
\mult@rightbox=\box56
\mult@grightbox=\box57
\mult@gfirstbox=\box58
\mult@firstbox=\box59
\@tempa=\box60
\@tempa=\box61
\@tempa=\box62
\@tempa=\box63
\@tempa=\box64
\@tempa=\box65
\@tempa=\box66
\@tempa=\box67
\@tempa=\box68
\@tempa=\box69
\@tempa=\box70
\@tempa=\box71
\@tempa=\box72
\@tempa=\box73
\@tempa=\box74
\@tempa=\box75
\@tempa=\box76
\c@columnbadness=\count175
\c@finalcolumnbadness=\count176
\last@try=\dimen193
\multicolovershoot=\dimen194
\multicolundershoot=\dimen195
\mult@nat@firstbox=\box77
\colbreak@box=\box78
\multicol@sort@counter=\count177
)
("D:\Program Files (x86)\CTEX\MiKTeX\tex\latex\cjk\CJK.sty"
Package: CJK 2008/12/29 4.8.2

("D:\Program Files (x86)\CTEX\MiKTeX\tex\latex\cjk\mule\MULEenc.sty"
Package: MULEenc 2008/12/29 4.8.2
)
("D:\Program Files (x86)\CTEX\MiKTeX\tex\latex\cjk\CJK.enc"
File: CJK.enc 2008/12/29 4.8.2
)
LaTeX Info: Redefining \selectfont on input line 756.
\CJK@indent=\box79
)
\c@mybox=\count178
\c@Con=\count179
\c@Thm=\count180
\c@Prop=\count181
)
("D:\Program Files (x86)\CTEX\UserData\tex\latex\algorithm2e\algorithm2e.sty"
Package: algorithm2e 2008/00/00 v3.10 algorithms environments
\c@AlgoLine=\count182

("D:\Program Files (x86)\CTEX\MiKTeX\tex\latex\base\ifthen.sty"
Package: ifthen 2001/05/26 v1.1c Standard LaTeX ifthen package (DPC)
)
("D:\Program Files (x86)\CTEX\MiKTeX\tex\latex\tools\xspace.sty"
Package: xspace 2009/10/20 v1.13 Space after command names (DPC,MH)
)
("D:\Program Files (x86)\CTEX\MiKTeX\tex\latex\ltxmisc\relsize.sty"
Package: relsize 2003/07/04 ver 3.1
)
********************************************************
Package `algorithm2e' Release 4.01 -- december 14 2009 --
- algorithm2e-announce@lirmm.fr mailing list for announcement about releases
- algorithm2e-discussion@lirmm.fr mailing list for discussion about package
subscribe by emailing sympa@lirmm.fr with 'subscribe <list> <firstname name>'
- Author: Christophe Fiorio (fiorio@lirmm.fr)
********************************************************
\skiptotal=\skip68
\skiplinenumber=\skip69
\skiprule=\skip70
\skiphlne=\skip71
\skiptext=\skip72
\skiplength=\skip73
\algomargin=\skip74
\skipalgocfslide=\skip75
\algowidth=\dimen196
\inoutsize=\dimen197
\inoutline=\dimen198
\interspacetitleruled=\dimen199
\interspacealgoruled=\dimen200
\interspacetitleboxruled=\dimen201
\algocf@inoutbox=\box80
\algocf@inputbox=\box81
\AlCapSkip=\skip76
\AlCapHSkip=\skip77
\algocf@nlbox=\box82
\algocf@hangingbox=\box83
\algocf@capbox=\box84
\algoheightruledefault=\skip78
\algoheightrule=\skip79
\algotitleheightruledefault=\skip80
\algotitleheightrule=\skip81
\c@algocfline=\count183
\c@algocfproc=\count184
\c@algocf=\count185
\algocf@algoframe=\box85
\algocf@algobox=\box86
) (E:\Meeting\201403-seminar\main.aux)
LaTeX Font Info:    Checking defaults for OML/cmm/m/it on input line 5.
LaTeX Font Info:    ... okay on input line 5.
LaTeX Font Info:    Checking defaults for T1/cmr/m/n on input line 5.
LaTeX Font Info:    ... okay on input line 5.
LaTeX Font Info:    Checking defaults for OT1/cmr/m/n on input line 5.
LaTeX Font Info:    ... okay on input line 5.
LaTeX Font Info:    Checking defaults for OMS/cmsy/m/n on input line 5.
LaTeX Font Info:    ... okay on input line 5.
LaTeX Font Info:    Checking defaults for OMX/cmex/m/n on input line 5.
LaTeX Font Info:    ... okay on input line 5.
LaTeX Font Info:    Checking defaults for U/clock/m/n on input line 5.
LaTeX Font Info:    ... okay on input line 5.
LaTeX Font Info:    Checking defaults for PD1/pdf/m/n on input line 5.
LaTeX Font Info:    ... okay on input line 5.
LaTeX Font Info:    Checking defaults for TS1/cmr/m/n on input line 5.
LaTeX Font Info:    Try loading font information for TS1+cmr on input line 5.

("D:\Program Files (x86)\CTEX\MiKTeX\tex\latex\base\ts1cmr.fd"
File: ts1cmr.fd 1999/05/25 v2.5h Standard LaTeX font definitions
)
LaTeX Font Info:    ... okay on input line 5.
LaTeX Font Info:    Checking defaults for C00/song/m/n on input line 5.
LaTeX Font Info:    ... okay on input line 5.
LaTeX Font Info:    Checking defaults for C05/song/m/n on input line 5.
LaTeX Font Info:    ... okay on input line 5.
LaTeX Font Info:    Checking defaults for C09/song/m/n on input line 5.
LaTeX Font Info:    ... okay on input line 5.
LaTeX Font Info:    Checking defaults for C10/song/m/n on input line 5.
LaTeX Font Info:    ... okay on input line 5.
LaTeX Font Info:    Checking defaults for C20/song/m/n on input line 5.
LaTeX Font Info:    ... okay on input line 5.
LaTeX Font Info:    Checking defaults for C19/song/m/n on input line 5.
LaTeX Font Info:    ... okay on input line 5.
LaTeX Font Info:    Checking defaults for C40/song/m/n on input line 5.
LaTeX Font Info:    ... okay on input line 5.
LaTeX Font Info:    Checking defaults for C42/song/m/n on input line 5.
LaTeX Font Info:    ... okay on input line 5.
LaTeX Font Info:    Checking defaults for C43/song/m/n on input line 5.
LaTeX Font Info:    ... okay on input line 5.
LaTeX Font Info:    Checking defaults for C50/song/m/n on input line 5.
LaTeX Font Info:    ... okay on input line 5.
LaTeX Font Info:    Checking defaults for C52/song/m/n on input line 5.
LaTeX Font Info:    ... okay on input line 5.
LaTeX Font Info:    Checking defaults for C49/song/m/n on input line 5.
LaTeX Font Info:    ... okay on input line 5.
LaTeX Font Info:    Checking defaults for C60/mj/m/n on input line 5.
LaTeX Font Info:    ... okay on input line 5.
LaTeX Font Info:    Checking defaults for C61/mj/m/n on input line 5.
LaTeX Font Info:    ... okay on input line 5.
LaTeX Font Info:    Checking defaults for C63/mj/m/n on input line 5.
LaTeX Font Info:    ... okay on input line 5.
LaTeX Font Info:    Checking defaults for C64/mj/m/n on input line 5.
LaTeX Font Info:    ... okay on input line 5.
LaTeX Font Info:    Checking defaults for C65/mj/m/n on input line 5.
LaTeX Font Info:    ... okay on input line 5.
LaTeX Font Info:    Checking defaults for C70/song/m/n on input line 5.
LaTeX Font Info:    ... okay on input line 5.
LaTeX Font Info:    Checking defaults for C31/song/m/n on input line 5.
LaTeX Font Info:    ... okay on input line 5.
LaTeX Font Info:    Checking defaults for C32/song/m/n on input line 5.
LaTeX Font Info:    ... okay on input line 5.
LaTeX Font Info:    Checking defaults for C33/song/m/n on input line 5.
LaTeX Font Info:    ... okay on input line 5.
LaTeX Font Info:    Checking defaults for C34/song/m/n on input line 5.
LaTeX Font Info:    ... okay on input line 5.
LaTeX Font Info:    Checking defaults for C35/song/m/n on input line 5.
LaTeX Font Info:    ... okay on input line 5.
LaTeX Font Info:    Checking defaults for C36/song/m/n on input line 5.
LaTeX Font Info:    ... okay on input line 5.
LaTeX Font Info:    Checking defaults for C37/song/m/n on input line 5.
LaTeX Font Info:    ... okay on input line 5.
LaTeX Font Info:    Checking defaults for C80/song/m/n on input line 5.
LaTeX Font Info:    ... okay on input line 5.
LaTeX Font Info:    Checking defaults for C81/song/m/n on input line 5.
LaTeX Font Info:    ... okay on input line 5.
LaTeX Font Info:    Checking defaults for C01/song/m/n on input line 5.
LaTeX Font Info:    ... okay on input line 5.
LaTeX Font Info:    Checking defaults for C11/song/m/n on input line 5.
LaTeX Font Info:    ... okay on input line 5.
LaTeX Font Info:    Checking defaults for C21/song/m/n on input line 5.
LaTeX Font Info:    ... okay on input line 5.
LaTeX Font Info:    Checking defaults for C41/song/m/n on input line 5.
LaTeX Font Info:    ... okay on input line 5.
LaTeX Font Info:    Checking defaults for C62/song/m/n on input line 5.
LaTeX Font Info:    ... okay on input line 5.

*geometry* driver: auto-detecting
*geometry* detected driver: pdftex
*geometry* verbose mode - [ preamble ] result:
* driver: pdftex
* paper: custom
* layout: <same size as paper>
* layoutoffset:(h,v)=(0.0pt,0.0pt)
* modes: includehead includefoot 
* h-part:(L,W,R)=(28.45274pt, 307.28987pt, 28.45274pt)
* v-part:(T,H,B)=(0.0pt, 273.14662pt, 0.0pt)
* \paperwidth=364.19536pt
* \paperheight=273.14662pt
* \textwidth=307.28987pt
* \textheight=244.6939pt
* \oddsidemargin=-43.81725pt
* \evensidemargin=-43.81725pt
* \topmargin=-72.26999pt
* \headheight=14.22636pt
* \headsep=0.0pt
* \topskip=10.0pt
* \footskip=14.22636pt
* \marginparwidth=3.0pt
* \marginparsep=11.0pt
* \columnsep=10.0pt
* \skip\footins=9.0pt plus 4.0pt minus 2.0pt
* \hoffset=0.0pt
* \voffset=0.0pt
* \mag=1000
* \@twocolumnfalse
* \@twosidefalse
* \@mparswitchfalse
* \@reversemarginfalse
* (1in=72.27pt=25.4mm, 1cm=28.453pt)

("D:\Program Files (x86)\CTEX\MiKTeX\tex\context\base\supp-pdf.mkii"
[Loading MPS to PDF converter (version 2006.09.02).]
\scratchcounter=\count186
\scratchdimen=\dimen202
\scratchbox=\box87
\nofMPsegments=\count187
\nofMParguments=\count188
\everyMPshowfont=\toks44
\MPscratchCnt=\count189
\MPscratchDim=\dimen203
\MPnumerator=\count190
\makeMPintoPDFobject=\count191
\everyMPtoPDFconversion=\toks45
) ABD: EveryShipout initializing macros
\AtBeginShipoutBox=\box88
Package hyperref Info: Link coloring OFF on input line 5.

("D:\Program Files (x86)\CTEX\MiKTeX\tex\latex\hyperref\nameref.sty"
Package: nameref 2010/04/30 v2.40 Cross-referencing by name of section

("D:\Program Files (x86)\CTEX\MiKTeX\tex\generic\oberdiek\gettitlestring.sty"
Package: gettitlestring 2010/12/03 v1.4 Cleanup title references (HO)
)
\c@section@level=\count192
)
LaTeX Info: Redefining \ref on input line 5.
LaTeX Info: Redefining \pageref on input line 5.
LaTeX Info: Redefining \nameref on input line 5.
(E:\Meeting\201403-seminar\main.out) (E:\Meeting\201403-seminar\main.out)
\@outlinefile=\write5
LaTeX Font Info:    Overwriting symbol font `operators' in version `normal'
(Font)                  OT1/cmr/m/n --> OT1/cmss/m/n on input line 5.
LaTeX Font Info:    Overwriting symbol font `operators' in version `bold'
(Font)                  OT1/cmr/bx/n --> OT1/cmss/bx/n on input line 5.
\symnumbers=\mathgroup7
\sympureletters=\mathgroup8
LaTeX Font Info:    Overwriting math alphabet `\mathrm' in version `normal'
(Font)                  OT1/cmss/m/n --> T1/cmr/m/n on input line 5.
LaTeX Font Info:    Redeclaring math alphabet \mathbf on input line 5.
LaTeX Font Info:    Overwriting math alphabet `\mathbf' in version `normal'
(Font)                  OT1/cmr/bx/n --> T1/cmss/bx/n on input line 5.
LaTeX Font Info:    Overwriting math alphabet `\mathbf' in version `bold'
(Font)                  OT1/cmr/bx/n --> T1/cmss/bx/n on input line 5.
LaTeX Font Info:    Redeclaring math alphabet \mathsf on input line 5.
LaTeX Font Info:    Overwriting math alphabet `\mathsf' in version `normal'
(Font)                  OT1/cmss/m/n --> T1/cmss/m/n on input line 5.
LaTeX Font Info:    Overwriting math alphabet `\mathsf' in version `bold'
(Font)                  OT1/cmss/bx/n --> T1/cmss/m/n on input line 5.
LaTeX Font Info:    Redeclaring math alphabet \mathit on input line 5.
LaTeX Font Info:    Overwriting math alphabet `\mathit' in version `normal'
(Font)                  OT1/cmr/m/it --> T1/cmss/m/it on input line 5.
LaTeX Font Info:    Overwriting math alphabet `\mathit' in version `bold'
(Font)                  OT1/cmr/bx/it --> T1/cmss/m/it on input line 5.
LaTeX Font Info:    Redeclaring math alphabet \mathtt on input line 5.
LaTeX Font Info:    Overwriting math alphabet `\mathtt' in version `normal'
(Font)                  OT1/cmtt/m/n --> T1/cmtt/m/n on input line 5.
LaTeX Font Info:    Overwriting math alphabet `\mathtt' in version `bold'
(Font)                  OT1/cmtt/m/n --> T1/cmtt/m/n on input line 5.
LaTeX Font Info:    Overwriting symbol font `numbers' in version `bold'
(Font)                  T1/cmss/m/n --> T1/cmss/bx/n on input line 5.
LaTeX Font Info:    Overwriting symbol font `pureletters' in version `bold'
(Font)                  T1/cmss/m/it --> T1/cmss/bx/it on input line 5.
LaTeX Font Info:    Overwriting math alphabet `\mathrm' in version `bold'
(Font)                  OT1/cmss/bx/n --> T1/cmr/bx/n on input line 5.
LaTeX Font Info:    Overwriting math alphabet `\mathbf' in version `bold'
(Font)                  T1/cmss/bx/n --> T1/cmss/bx/n on input line 5.
LaTeX Font Info:    Overwriting math alphabet `\mathsf' in version `bold'
(Font)                  T1/cmss/m/n --> T1/cmss/bx/n on input line 5.
LaTeX Font Info:    Overwriting math alphabet `\mathit' in version `bold'
(Font)                  T1/cmss/m/it --> T1/cmss/bx/it on input line 5.
LaTeX Font Info:    Overwriting math alphabet `\mathtt' in version `bold'
(Font)                  T1/cmtt/m/n --> T1/cmtt/bx/n on input line 5.

("D:\Program Files (x86)\CTEX\UserData\tex\latex\beamer\base\translator\dicts\t
ranslator-basic-dictionary\translator-basic-dictionary-English.dict"
Dictionary: translator-basic-dictionary, Language: English 
)
("D:\Program Files (x86)\CTEX\UserData\tex\latex\beamer\base\translator\dicts\t
ranslator-bibliography-dictionary\translator-bibliography-dictionary-English.di
ct"
Dictionary: translator-bibliography-dictionary, Language: English 
)
("D:\Program Files (x86)\CTEX\UserData\tex\latex\beamer\base\translator\dicts\t
ranslator-environment-dictionary\translator-environment-dictionary-English.dict
"
Dictionary: translator-environment-dictionary, Language: English 
)
("D:\Program Files (x86)\CTEX\UserData\tex\latex\beamer\base\translator\dicts\t
ranslator-months-dictionary\translator-months-dictionary-English.dict"
Dictionary: translator-months-dictionary, Language: English 
)
("D:\Program Files (x86)\CTEX\UserData\tex\latex\beamer\base\translator\dicts\t
ranslator-numbers-dictionary\translator-numbers-dictionary-English.dict"
Dictionary: translator-numbers-dictionary, Language: English 
)
("D:\Program Files (x86)\CTEX\UserData\tex\latex\beamer\base\translator\dicts\t
ranslator-theorem-dictionary\translator-theorem-dictionary-English.dict"
Dictionary: translator-theorem-dictionary, Language: English 
)
LaTeX Info: Redefining \includegraphics on input line 5.

(E:\Meeting\201403-seminar\main.nav)
("D:\Program Files (x86)\CTEX\MiKTeX\tex\latex\cjk\standard.bdg"
File: standard.bdg 2008/12/29 4.8.2
)
("D:\Program Files (x86)\CTEX\MiKTeX\tex\latex\cjk\extended.enc"
File: extended.enc 2008/12/29 4.8.2
)
("D:\Program Files (x86)\CTEX\MiKTeX\tex\latex\cjk\extended.chr"
File: extended.chr 2008/12/29 4.8.2
)
(E:\Meeting\201403-seminar\Title.tex

Package hyperref Warning: Option `pdfauthor' has already been used,
(hyperref)                setting the option has no effect on input line 2.


LaTeX Font Warning: Font shape `T1/cmss/m/sc' undefined
(Font)              using `T1/cmss/m/n' instead on input line 8.

LaTeX Font Info:    Try loading font information for C19+kai on input line 8.
("D:\Program Files (x86)\CTEX\CTeX\tex\latex\CJK\GB\c19kai.fd"
File: c19kai.fd 2009/09/23 4.8.2
)
LaTeX Font Info:    Try loading font information for T1+cmtt on input line 8.

("D:\Program Files (x86)\CTEX\MiKTeX\tex\latex\base\t1cmtt.fd"
File: t1cmtt.fd 1999/05/25 v2.5h Standard LaTeX font definitions
)

LaTeX Font Warning: Font shape `T1/cmss/m/n' in size <4> not available
(Font)              size <5> substituted on input line 8.

[1

{D:/Program Files (x86)/CTEX/UserData/pdftex/config/pdftex.map{Unicode.sfd}{UGB
K.sfd}}]) (E:\Meeting\201403-seminar\Outline.tex
(E:\Meeting\201403-seminar\main.toc) [2

]) (E:\Meeting\201403-seminar\main.toc)
[3

]
LaTeX Font Info:    Try loading font information for U+msa on input line 26.
 ("D:\Program Files (x86)\CTEX\MiKTeX\tex\latex\amsfonts\umsa.fd"
File: umsa.fd 2009/06/22 v3.00 AMS symbols A
)
LaTeX Font Info:    Try loading font information for U+msb on input line 26.

("D:\Program Files (x86)\CTEX\MiKTeX\tex\latex\amsfonts\umsb.fd"
File: umsb.fd 2009/06/22 v3.00 AMS symbols B
)
LaTeX Font Info:    Try loading font information for U+rsfs on input line 26.

("D:\Program Files (x86)\CTEX\MiKTeX\tex\latex\jknappen\ursfs.fd"
File: ursfs.fd 1998/03/24 rsfs font definition file (jk)
) [4

] [5

]
<Figures/1PTQ.jpg, id=107, 569.12625pt x 455.7025pt>
File: Figures/1PTQ.jpg Graphic file (type jpg)
 <use Figures/1PTQ.jpg>
Package pdftex.def Info: Figures/1PTQ.jpg used on input line 62.
(pdftex.def)             Requested size: 138.2795pt x 110.71979pt.

<Figures/1HQQ.jpg, id=108, 569.12625pt x 455.7025pt>
File: Figures/1HQQ.jpg Graphic file (type jpg)
 <use Figures/1HQQ.jpg>
Package pdftex.def Info: Figures/1HQQ.jpg used on input line 62.
(pdftex.def)             Requested size: 138.2795pt x 110.71979pt.

<Figures/sensor2.jpg, id=109, 48.85452pt x 32.08788pt>
File: Figures/sensor2.jpg Graphic file (type jpg)

<use Figures/sensor2.jpg>
Package pdftex.def Info: Figures/sensor2.jpg used on input line 62.
(pdftex.def)             Requested size: 138.2795pt x 90.84227pt.

<Figures/GraphRealization.jpg, id=110, 250.9375pt x 201.75375pt>
File: Figures/GraphRealization.jpg Graphic file (type jpg)

<use Figures/GraphRealization.jpg>
Package pdftex.def Info: Figures/GraphRealization.jpg used on input line 62.
(pdftex.def)             Requested size: 138.2795pt x 111.18039pt.
 [6

 <E:/Meeting/201403-seminar/Figures/1PTQ.jpg> <E:/Meeting/201403-seminar/Figure
s/1HQQ.jpg> <E:/Meeting/201403-seminar/Figures/sensor2.jpg> <E:/Meeting/201403-
seminar/Figures/GraphRealization.jpg>]
Overfull \hbox (0.88423pt too wide) in paragraph at lines 81--81
[]\T1/cmss/m/n/10 The Branch-and-Prune Al-go-rith-m ([]\T1/cmss/m/n/8 Liberti-L
avor-Maculan-Mucherino, 2014[]\T1/cmss/m/n/10 ) 
 []

[7

] (E:\Meeting\201403-seminar\main.toc) [8

]
<Figures/eigenone.png, id=132, 595.47469pt x 448.67625pt>
File: Figures/eigenone.png Graphic file (type png)

<use Figures/eigenone.png>
Package pdftex.def Info: Figures/eigenone.png used on input line 98.
(pdftex.def)             Requested size: 138.2795pt x 104.18607pt.

<Figures/helix.png, id=133, 422.32782pt x 316.18124pt>
File: Figures/helix.png Graphic file (type png)
 <use Figures/helix.png>
Package pdftex.def Info: Figures/helix.png used on input line 98.
(pdftex.def)             Requested size: 138.2795pt x 103.52478pt.

[9

 <E:/Meeting/201403-seminar/Figures/eigenone.png> <E:/Meeting/201403-seminar/Fi
gures/helix.png (PNG copy)>]
Overfull \vbox (1.80222pt too high) detected at line 117
 []

[10

] [11

]
Overfull \vbox (4.5596pt too high) detected at line 148
 []

[12

]
Overfull \vbox (4.5596pt too high) detected at line 148
 []

[13

] [14

] <Figures/1.jpg, id=170, 1204.5pt x 903.375pt>
File: Figures/1.jpg Graphic file (type jpg)
 <use Figures/1.jpg>
Package pdftex.def Info: Figures/1.jpg used on input line 163.
(pdftex.def)             Requested size: 261.19826pt x 195.88974pt.

Overfull \vbox (6.27713pt too high) detected at line 163
 []

[15

 <E:/Meeting/201403-seminar/Figures/1.jpg>]
<Figures/2.jpg, id=176, 1204.5pt x 903.375pt>
File: Figures/2.jpg Graphic file (type jpg)
 <use Figures/2.jpg>
Package pdftex.def Info: Figures/2.jpg used on input line 171.
(pdftex.def)             Requested size: 261.19826pt x 195.88974pt.

Overfull \vbox (6.27713pt too high) detected at line 171
 []

[16

 <E:/Meeting/201403-seminar/Figures/2.jpg>]
<Figures/3.jpg, id=182, 1204.5pt x 903.375pt>
File: Figures/3.jpg Graphic file (type jpg)
 <use Figures/3.jpg>
Package pdftex.def Info: Figures/3.jpg used on input line 178.
(pdftex.def)             Requested size: 261.19826pt x 195.88974pt.
 [17

 <E:/Meeting/201403-seminar/Figures/3.jpg>]
<Figures/4.jpg, id=188, 1204.5pt x 903.375pt>
File: Figures/4.jpg Graphic file (type jpg)
 <use Figures/4.jpg>
Package pdftex.def Info: Figures/4.jpg used on input line 185.
(pdftex.def)             Requested size: 261.19826pt x 195.88974pt.
 [18

 <E:/Meeting/201403-seminar/Figures/4.jpg>]
<Figures/5.jpg, id=194, 1204.5pt x 903.375pt>
File: Figures/5.jpg Graphic file (type jpg)
 <use Figures/5.jpg>
Package pdftex.def Info: Figures/5.jpg used on input line 193.
(pdftex.def)             Requested size: 261.19826pt x 195.88974pt.

Overfull \vbox (6.27713pt too high) detected at line 193
 []

[19

 <E:/Meeting/201403-seminar/Figures/5.jpg>]
<Figures/6.jpg, id=201, 1204.5pt x 903.375pt>
File: Figures/6.jpg Graphic file (type jpg)
 <use Figures/6.jpg>
Package pdftex.def Info: Figures/6.jpg used on input line 201.
(pdftex.def)             Requested size: 261.19826pt x 195.88974pt.

Overfull \vbox (6.27713pt too high) detected at line 201
 []

[20

 <E:/Meeting/201403-seminar/Figures/6.jpg>]
<Figures/7.jpg, id=207, 1204.5pt x 903.375pt>
File: Figures/7.jpg Graphic file (type jpg)
 <use Figures/7.jpg>
Package pdftex.def Info: Figures/7.jpg used on input line 208.
(pdftex.def)             Requested size: 261.19826pt x 195.88974pt.
 [21

 <E:/Meeting/201403-seminar/Figures/7.jpg>]
<Figures/8.jpg, id=213, 1204.5pt x 903.375pt>
File: Figures/8.jpg Graphic file (type jpg)
 <use Figures/8.jpg>
Package pdftex.def Info: Figures/8.jpg used on input line 215.
(pdftex.def)             Requested size: 261.19826pt x 195.88974pt.
 [22

 <E:/Meeting/201403-seminar/Figures/8.jpg>] [23

] [24

] [25

]
<Figures/9.jpg, id=234, 1204.5pt x 903.375pt>
File: Figures/9.jpg Graphic file (type jpg)
 <use Figures/9.jpg>
Package pdftex.def Info: Figures/9.jpg used on input line 261.
(pdftex.def)             Requested size: 122.91406pt x 92.1761pt.

<Figures/10.jpg, id=235, 1204.5pt x 903.375pt>
File: Figures/10.jpg Graphic file (type jpg)
 <use Figures/10.jpg>
Package pdftex.def Info: Figures/10.jpg used on input line 261.
(pdftex.def)             Requested size: 122.91406pt x 92.1761pt.

<Figures/11.jpg, id=236, 1204.5pt x 903.375pt>
File: Figures/11.jpg Graphic file (type jpg)
 <use Figures/11.jpg>
Package pdftex.def Info: Figures/11.jpg used on input line 261.
(pdftex.def)             Requested size: 122.91406pt x 92.1761pt.

<Figures/12.jpg, id=237, 1204.5pt x 903.375pt>
File: Figures/12.jpg Graphic file (type jpg)
 <use Figures/12.jpg>
Package pdftex.def Info: Figures/12.jpg used on input line 261.
(pdftex.def)             Requested size: 122.91406pt x 92.1761pt.

Overfull \vbox (5.23972pt too high) detected at line 261
 []

[26

 <E:/Meeting/201403-seminar/Figures/9.jpg> <E:/Meeting/201403-seminar/Figures/1
0.jpg> <E:/Meeting/201403-seminar/Figures/11.jpg> <E:/Meeting/201403-seminar/Fi
gures/12.jpg>] <Figures/13.jpg, id=242, 1204.5pt x 903.375pt>
File: Figures/13.jpg Graphic file (type jpg)

<use Figures/13.jpg>
Package pdftex.def Info: Figures/13.jpg used on input line 269.
(pdftex.def)             Requested size: 245.83282pt x 184.36601pt.
 [27

 <E:/Meeting/201403-seminar/Figures/13.jpg>]
<Figures/14.jpg, id=248, 1204.5pt x 903.375pt>
File: Figures/14.jpg Graphic file (type jpg)
 <use Figures/14.jpg>
Package pdftex.def Info: Figures/14.jpg used on input line 277.
(pdftex.def)             Requested size: 245.83282pt x 184.36601pt.
 [28

 <E:/Meeting/201403-seminar/Figures/14.jpg>]
<Figures/15.jpg, id=254, 1204.5pt x 903.375pt>
File: Figures/15.jpg Graphic file (type jpg)
 <use Figures/15.jpg>
Package pdftex.def Info: Figures/15.jpg used on input line 285.
(pdftex.def)             Requested size: 245.83282pt x 184.36601pt.
 [29

 <E:/Meeting/201403-seminar/Figures/15.jpg>]
<Figures/1PTQ50.jpg, id=260, 1204.5pt x 903.375pt>
File: Figures/1PTQ50.jpg Graphic file (type jpg)
 <use Figures/1PTQ50.jpg>
Package pdftex.def Info: Figures/1PTQ50.jpg used on input line 293.
(pdftex.def)             Requested size: 261.19826pt x 195.88974pt.

[30

 <E:/Meeting/201403-seminar/Figures/1PTQ50.jpg>]
<Figures/1PTQ60.jpg, id=266, 1204.5pt x 903.375pt>
File: Figures/1PTQ60.jpg Graphic file (type jpg)
 <use Figures/1PTQ60.jpg>
Package pdftex.def Info: Figures/1PTQ60.jpg used on input line 301.
(pdftex.def)             Requested size: 261.19826pt x 195.88974pt.

[31

 <E:/Meeting/201403-seminar/Figures/1PTQ60.jpg>]
<Figures/1PTQ65.jpg, id=273, 1204.5pt x 903.375pt>
File: Figures/1PTQ65.jpg Graphic file (type jpg)
 <use Figures/1PTQ65.jpg>
Package pdftex.def Info: Figures/1PTQ65.jpg used on input line 309.
(pdftex.def)             Requested size: 261.19826pt x 195.88974pt.

[32

 <E:/Meeting/201403-seminar/Figures/1PTQ65.jpg>]
(E:\Meeting\201403-seminar\main.toc) [33

] [34

] [35

]
\tf@nav=\write6
\tf@toc=\write7
\tf@snm=\write8
Package atveryend Info: Empty hook `BeforeClearDocument' on input line 343.
Package atveryend Info: Empty hook `AfterLastShipout' on input line 343.

(E:\Meeting\201403-seminar\main.aux)
Package atveryend Info: Empty hook `AtVeryEndDocument' on input line 343.
Package atveryend Info: Executing hook `AtEndAfterFileList' on input line 343.
Package rerunfilecheck Info: File `main.out' has not changed.
(rerunfilecheck)             Checksum: 9DD6BFACFE10CBA55FC0A8C0AE37AAA4;398.


LaTeX Font Warning: Size substitutions with differences
(Font)              up to 1.0pt have occurred.


LaTeX Font Warning: Some font shapes were not available, defaults substituted.

 ) 
Here is how much of TeX's memory you used:
 19088 strings out of 495354
 339048 string characters out of 3182739
 431590 words of memory out of 3000000
 21662 multiletter control sequences out of 15000+200000
 24187 words of font info for 67 fonts, out of 3000000 for 9000
 14 hyphenation exceptions out of 8191
 55i,11n,64p,437b,1132s stack positions out of 5000i,500n,10000p,200000b,50000s
 <D:\Program Files (x86)\CTEX\UserData\fonts\pk\ljfour\jknappen\ec\dpi600\ecs
i0500.pk> <D:\Program Files (x86)\CTEX\UserData\fonts\pk\ljfour\jknappen\ec\dpi
600\ecsi0800.pk> <D:\Program Files (x86)\CTEX\UserData\fonts\pk\ljfour\jknappen
\ec\dpi600\ecss0900.pk> <D:\Program Files (x86)\CTEX\UserData\fonts\pk\ljfour\j
knappen\ec\dpi600\ecsi0900.pk> <D:\Program Files (x86)\CTEX\UserData\fonts\pk\l
jfour\jknappen\ec\dpi600\ecsi0700.pk> <D:\Program Files (x86)\CTEX\UserData\fon
ts\pk\ljfour\jknappen\ec\dpi600\ecsi1000.pk> <D:\Program Files (x86)\CTEX\UserD
ata\fonts\pk\ljfour\jknappen\ec\dpi600\ecss1200.pk> <D:\Program Files (x86)\CTE
X\UserData\fonts\pk\ljfour\jknappen\ec\dpi600\ecss0700.pk> <D:\Program Files (x
86)\CTEX\UserData\fonts\pk\ljfour\jknappen\ec\dpi600\ecss0500.pk> <D:\Program F
iles (x86)\CTEX\UserData\fonts\pk\ljfour\jknappen\ec\dpi600\ecss0800.pk> <D:\Pr
ogram Files (x86)\CTEX\UserData\fonts\pk\ljfour\jknappen\ec\dpi600\ectt1000.pk>
<C:/Windows/Fonts/simkai.ttf><C:/Windows/Fonts/simkai.ttf><C:/Windows/Fonts/sim
kai.ttf> <D:\Program Files (x86)\CTEX\UserData\fonts\pk\ljfour\jknappen\ec\dpi6
00\ecss1000.pk> <D:\Program Files (x86)\CTEX\UserData\fonts\pk\ljfour\jknappen\
ec\dpi600\ecss1440.pk><D:/Program Files (x86)/CTEX/MiKTeX/fonts/type1/public/am
sfonts/cm/cmex10.pfb><D:/Program Files (x86)/CTEX/MiKTeX/fonts/type1/public/ams
fonts/cm/cmmi10.pfb><D:/Program Files (x86)/CTEX/MiKTeX/fonts/type1/public/amsf
onts/cm/cmmi7.pfb><D:/Program Files (x86)/CTEX/MiKTeX/fonts/type1/public/amsfon
ts/cm/cmss10.pfb><D:/Program Files (x86)/CTEX/MiKTeX/fonts/type1/public/amsfont
s/cm/cmss8.pfb><D:/Program Files (x86)/CTEX/MiKTeX/fonts/type1/public/amsfonts/
cm/cmss9.pfb><D:/Program Files (x86)/CTEX/MiKTeX/fonts/type1/public/amsfonts/cm
/cmsy10.pfb><D:/Program Files (x86)/CTEX/MiKTeX/fonts/type1/public/amsfonts/cm/
cmsy5.pfb><D:/Program Files (x86)/CTEX/MiKTeX/fonts/type1/public/amsfonts/cm/cm
sy7.pfb><D:/Program Files (x86)/CTEX/MiKTeX/fonts/type1/public/amsfonts/symbols
/msam7.pfb><D:/Program Files (x86)/CTEX/MiKTeX/fonts/type1/public/amsfonts/symb
ols/msbm10.pfb>
Output written on main.pdf (35 pages, 2746751 bytes).
PDF statistics:
 721 PDF objects out of 1000 (max. 8388607)
 77 named destinations out of 1000 (max. 500000)
 247 words of extra memory for PDF output out of 10000 (max. 10000000)

